This is pdfTeX, Version 3.1415926-1.40.10 (TeX Live 2009/Debian) (format=latex 2011.9.9)  13 SEP 2011 07:54
entering extended mode
 %&-line parsing enabled.
**\input IPSUR.tex
(./IPSUR.tex (/usr/share/texmf-texlive/tex/latex/koma-script/scrbook.cls
Document Class: scrbook 2009/07/24 v3.04a KOMA-Script document class (book)
(/usr/share/texmf-texlive/tex/latex/koma-script/scrkbase.sty
Package: scrkbase 2009/07/24 v3.04a KOMA-Script package (KOMA-Script-dependent 
basics and keyval usage)

(/usr/share/texmf-texlive/tex/latex/koma-script/scrbase.sty
Package: scrbase 2009/07/24 v3.04a KOMA-Script package (KOMA-Script-independent
 basics and keyval usage)

(/usr/share/texmf-texlive/tex/latex/graphics/keyval.sty
Package: keyval 1999/03/16 v1.13 key=value parser (DPC)
\KV@toks@=\toks14
)
(/usr/share/texmf-texlive/tex/latex/koma-script/scrlfile.sty
Package: scrlfile 2009/03/25 v3.03 KOMA-Script package (loading files)

Package scrlfile, 2009/03/25 v3.03 KOMA-Script package (loading files)
                  Copyright (C) Markus Kohm

))) (/usr/share/texmf-texlive/tex/latex/koma-script/tocbasic.sty
Package: tocbasic 2009/06/08 v3.03b KOMA-Script package (handling toc-files)
)
Package tocbasic Info: omitting babel extension for `toc'
(tocbasic)             because of feature `nobabel' available
(tocbasic)             for `toc' on input line 117.
Package tocbasic Info: omitting babel extension for `lof'
(tocbasic)             because of feature `nobabel' available
(tocbasic)             for `lof' on input line 118.
Package tocbasic Info: omitting babel extension for `lot'
(tocbasic)             because of feature `nobabel' available
(tocbasic)             for `lot' on input line 119.
Class scrbook Info: File `scrsize11pt.clo' used instead of
(scrbook)           file `scrsize11.clo' to setup font sizes on input line 1272
.

(/usr/share/texmf-texlive/tex/latex/koma-script/scrsize11pt.clo
File: scrsize11pt.clo 2009/07/24 v3.04a KOMA-Script font size class option (11p
t)
)
(/usr/share/texmf-texlive/tex/latex/koma-script/typearea.sty
Package: typearea 2009/07/24 v3.04a KOMA-Script package (type area)

Package typearea, 2009/07/24 v3.04a KOMA-Script package (type area)
                  Copyright (C) Frank Neukam, 1992-1994
                  Copyright (C) Markus Kohm, 1994-

\ta@bcor=\skip41
\ta@div=\count79
\ta@hblk=\skip42
\ta@vblk=\skip43
\ta@temp=\skip44
Package typearea Info: These are the values describing the layout:
(typearea)             DIV  = 10
(typearea)             BCOR = 0.0pt
(typearea)             \paperwidth      = 597.50793pt
(typearea)              \textwidth      = 418.25555pt
(typearea)              DIV departure   = -6%
(typearea)              \evensidemargin = 47.2316pt
(typearea)              \oddsidemargin  = -12.5192pt
(typearea)             \paperheight     = 845.04694pt
(typearea)              \textheight     = 595.80026pt
(typearea)              \topmargin      = -25.16531pt
(typearea)              \headheight     = 17.0pt
(typearea)              \headsep        = 20.40001pt
(typearea)              \topskip        = 11.0pt
(typearea)              \footskip       = 47.60002pt
(typearea)              \baselineskip   = 13.6pt
(typearea)              on input line 1115.
)
\c@part=\count80
\c@chapter=\count81
\c@section=\count82
\c@subsection=\count83
\c@subsubsection=\count84
\c@paragraph=\count85
\c@subparagraph=\count86
\abovecaptionskip=\skip45
\belowcaptionskip=\skip46
\c@pti@nb@sid@b@x=\box26
\c@figure=\count87
\c@table=\count88
\bibindent=\dimen102
) (./preamble.tex (/usr/share/texmf/tex/latex/lm/lmodern.sty
Package: lmodern 2009/10/30 v1.6 Latin Modern Fonts
LaTeX Font Info:    Overwriting symbol font `operators' in version `normal'
(Font)                  OT1/cmr/m/n --> OT1/lmr/m/n on input line 22.
LaTeX Font Info:    Overwriting symbol font `letters' in version `normal'
(Font)                  OML/cmm/m/it --> OML/lmm/m/it on input line 23.
LaTeX Font Info:    Overwriting symbol font `symbols' in version `normal'
(Font)                  OMS/cmsy/m/n --> OMS/lmsy/m/n on input line 24.
LaTeX Font Info:    Overwriting symbol font `largesymbols' in version `normal'
(Font)                  OMX/cmex/m/n --> OMX/lmex/m/n on input line 25.
LaTeX Font Info:    Overwriting symbol font `operators' in version `bold'
(Font)                  OT1/cmr/bx/n --> OT1/lmr/bx/n on input line 26.
LaTeX Font Info:    Overwriting symbol font `letters' in version `bold'
(Font)                  OML/cmm/b/it --> OML/lmm/b/it on input line 27.
LaTeX Font Info:    Overwriting symbol font `symbols' in version `bold'
(Font)                  OMS/cmsy/b/n --> OMS/lmsy/b/n on input line 28.
LaTeX Font Info:    Overwriting symbol font `largesymbols' in version `bold'
(Font)                  OMX/cmex/m/n --> OMX/lmex/m/n on input line 29.
LaTeX Font Info:    Overwriting math alphabet `\mathbf' in version `normal'
(Font)                  OT1/cmr/bx/n --> OT1/lmr/bx/n on input line 31.
LaTeX Font Info:    Overwriting math alphabet `\mathsf' in version `normal'
(Font)                  OT1/cmss/m/n --> OT1/lmss/m/n on input line 32.
LaTeX Font Info:    Overwriting math alphabet `\mathit' in version `normal'
(Font)                  OT1/cmr/m/it --> OT1/lmr/m/it on input line 33.
LaTeX Font Info:    Overwriting math alphabet `\mathtt' in version `normal'
(Font)                  OT1/cmtt/m/n --> OT1/lmtt/m/n on input line 34.
LaTeX Font Info:    Overwriting math alphabet `\mathbf' in version `bold'
(Font)                  OT1/cmr/bx/n --> OT1/lmr/bx/n on input line 35.
LaTeX Font Info:    Overwriting math alphabet `\mathsf' in version `bold'
(Font)                  OT1/cmss/bx/n --> OT1/lmss/bx/n on input line 36.
LaTeX Font Info:    Overwriting math alphabet `\mathit' in version `bold'
(Font)                  OT1/cmr/bx/it --> OT1/lmr/bx/it on input line 37.
LaTeX Font Info:    Overwriting math alphabet `\mathtt' in version `bold'
(Font)                  OT1/cmtt/m/n --> OT1/lmtt/m/n on input line 38.
)
(/usr/share/texmf-texlive/tex/latex/amsmath/amsmath.sty
Package: amsmath 2000/07/18 v2.13 AMS math features
\@mathmargin=\skip47

For additional information on amsmath, use the `?' option.
(/usr/share/texmf-texlive/tex/latex/amsmath/amstext.sty
Package: amstext 2000/06/29 v2.01

(/usr/share/texmf-texlive/tex/latex/amsmath/amsgen.sty
File: amsgen.sty 1999/11/30 v2.0
\@emptytoks=\toks15
\ex@=\dimen103
))
(/usr/share/texmf-texlive/tex/latex/amsmath/amsbsy.sty
Package: amsbsy 1999/11/29 v1.2d
\pmbraise@=\dimen104
)
(/usr/share/texmf-texlive/tex/latex/amsmath/amsopn.sty
Package: amsopn 1999/12/14 v2.01 operator names
)
\inf@bad=\count89
LaTeX Info: Redefining \frac on input line 211.
\uproot@=\count90
\leftroot@=\count91
LaTeX Info: Redefining \overline on input line 307.
\classnum@=\count92
\DOTSCASE@=\count93
LaTeX Info: Redefining \ldots on input line 379.
LaTeX Info: Redefining \dots on input line 382.
LaTeX Info: Redefining \cdots on input line 467.
\Mathstrutbox@=\box27
\strutbox@=\box28
\big@size=\dimen105
LaTeX Font Info:    Redeclaring font encoding OML on input line 567.
LaTeX Font Info:    Redeclaring font encoding OMS on input line 568.
\macc@depth=\count94
\c@MaxMatrixCols=\count95
\dotsspace@=\muskip10
\c@parentequation=\count96
\dspbrk@lvl=\count97
\tag@help=\toks16
\row@=\count98
\column@=\count99
\maxfields@=\count100
\andhelp@=\toks17
\eqnshift@=\dimen106
\alignsep@=\dimen107
\tagshift@=\dimen108
\tagwidth@=\dimen109
\totwidth@=\dimen110
\lineht@=\dimen111
\@envbody=\toks18
\multlinegap=\skip48
\multlinetaggap=\skip49
\mathdisplay@stack=\toks19
LaTeX Info: Redefining \[ on input line 2666.
LaTeX Info: Redefining \] on input line 2667.
)
(/usr/share/texmf-texlive/tex/latex/amsfonts/amssymb.sty
Package: amssymb 2009/06/22 v3.00

(/usr/share/texmf-texlive/tex/latex/amsfonts/amsfonts.sty
Package: amsfonts 2009/06/22 v3.00 Basic AMSFonts support
\symAMSa=\mathgroup4
\symAMSb=\mathgroup5
LaTeX Font Info:    Overwriting math alphabet `\mathfrak' in version `bold'
(Font)                  U/euf/m/n --> U/euf/b/n on input line 96.
))
(/usr/share/texmf-texlive/tex/latex/amscls/amsthm.sty
Package: amsthm 2004/08/06 v2.20
\thm@style=\toks20
\thm@bodyfont=\toks21
\thm@headfont=\toks22
\thm@notefont=\toks23
\thm@headpunct=\toks24
\thm@preskip=\skip50
\thm@postskip=\skip51
\thm@headsep=\skip52
\dth@everypar=\toks25
)
(/var/lib/texmf/tex/generic/babel/babel.sty
Package: babel 2008/07/06 v3.8l The Babel package

(/usr/share/texmf-texlive/tex/generic/babel/english.ldf
Language: english 2005/03/30 v3.3o English support from the babel system

(/usr/share/texmf-texlive/tex/generic/babel/babel.def
File: babel.def 2008/07/06 v3.8l Babel common definitions
\babel@savecnt=\count101
\U@D=\dimen112
)
\l@canadian = a dialect from \language\l@american 
\l@australian = a dialect from \language\l@british 
\l@newzealand = a dialect from \language\l@british 
))
(/usr/share/texmf-texlive/tex/latex/graphics/epsfig.sty
Package: epsfig 1999/02/16 v1.7a (e)psfig emulation (SPQR)

(/usr/share/texmf-texlive/tex/latex/graphics/graphicx.sty
Package: graphicx 1999/02/16 v1.0f Enhanced LaTeX Graphics (DPC,SPQR)

(/usr/share/texmf-texlive/tex/latex/graphics/graphics.sty
Package: graphics 2009/02/05 v1.0o Standard LaTeX Graphics (DPC,SPQR)

(/usr/share/texmf-texlive/tex/latex/graphics/trig.sty
Package: trig 1999/03/16 v1.09 sin cos tan (DPC)
)
(/etc/texmf/tex/latex/config/graphics.cfg
File: graphics.cfg 2009/08/28 v1.8 graphics configuration of TeX Live
)
Package graphics Info: Driver file: dvips.def on input line 91.

(/usr/share/texmf-texlive/tex/latex/graphics/dvips.def
File: dvips.def 1999/02/16 v3.0i Driver-dependant file (DPC,SPQR)
))
\Gin@req@height=\dimen113
\Gin@req@width=\dimen114
)
\epsfxsize=\dimen115
\epsfysize=\dimen116
)
(/usr/share/texmf-texlive/tex/latex/fancyvrb/fancyvrb.sty
Package: fancyvrb 2008/02/07

Style option: `fancyvrb' v2.7a, with DG/SPQR fixes, and firstline=lastline fix 
<2008/02/07> (tvz)
\FV@CodeLineNo=\count102
\FV@InFile=\read1
\FV@TabBox=\box29
\c@FancyVerbLine=\count103
\FV@StepNumber=\count104
\FV@OutFile=\write3
) (/usr/share/texmf-texlive/tex/latex/base/fixltx2e.sty
Package: fixltx2e 2006/09/13 v1.1m fixes to LaTeX
LaTeX Info: Redefining \em on input line 420.
LaTeX Info: Redefining \textsubscript on input line 424.
LaTeX Info: The control sequence `\[' is already robust on input line 471.
LaTeX Info: The control sequence `\]' is already robust on input line 472.
)
(/usr/share/texmf-texlive/tex/latex/float/float.sty
Package: float 2001/11/08 v1.3d Float enhancements (AL)
\c@float@type=\count105
\float@exts=\toks26
\float@box=\box30
\@float@everytoks=\toks27
\@floatcapt=\box31
)
(/usr/share/texmf-texlive/tex/latex/base/fontenc.sty
Package: fontenc 2005/09/27 v1.99g Standard LaTeX package

(/usr/share/texmf-texlive/tex/latex/base/t1enc.def
File: t1enc.def 2005/09/27 v1.99g Standard LaTeX file
LaTeX Font Info:    Redeclaring font encoding T1 on input line 43.
))
(/usr/share/texmf-texlive/tex/latex/mdwtools/footnote.sty
Package: footnote 1997/01/28 1.13 Save footnotes around boxes
\fn@notes=\box32
\fn@width=\dimen117
)
(/usr/share/texmf-texlive/tex/latex/base/inputenc.sty
Package: inputenc 2008/03/30 v1.1d Input encoding file
\inpenc@prehook=\toks28
\inpenc@posthook=\toks29

(/usr/share/texmf-texlive/tex/latex/base/utf8.def
File: utf8.def 2008/04/05 v1.1m UTF-8 support for inputenc
Now handling font encoding OML ...
... no UTF-8 mapping file for font encoding OML
Now handling font encoding T1 ...
... processing UTF-8 mapping file for font encoding T1

(/usr/share/texmf-texlive/tex/latex/base/t1enc.dfu
File: t1enc.dfu 2008/04/05 v1.1m UTF-8 support for inputenc
   defining Unicode char U+00A1 (decimal 161)
   defining Unicode char U+00A3 (decimal 163)
   defining Unicode char U+00AB (decimal 171)
   defining Unicode char U+00BB (decimal 187)
   defining Unicode char U+00BF (decimal 191)
   defining Unicode char U+00C0 (decimal 192)
   defining Unicode char U+00C1 (decimal 193)
   defining Unicode char U+00C2 (decimal 194)
   defining Unicode char U+00C3 (decimal 195)
   defining Unicode char U+00C4 (decimal 196)
   defining Unicode char U+00C5 (decimal 197)
   defining Unicode char U+00C6 (decimal 198)
   defining Unicode char U+00C7 (decimal 199)
   defining Unicode char U+00C8 (decimal 200)
   defining Unicode char U+00C9 (decimal 201)
   defining Unicode char U+00CA (decimal 202)
   defining Unicode char U+00CB (decimal 203)
   defining Unicode char U+00CC (decimal 204)
   defining Unicode char U+00CD (decimal 205)
   defining Unicode char U+00CE (decimal 206)
   defining Unicode char U+00CF (decimal 207)
   defining Unicode char U+00D0 (decimal 208)
   defining Unicode char U+00D1 (decimal 209)
   defining Unicode char U+00D2 (decimal 210)
   defining Unicode char U+00D3 (decimal 211)
   defining Unicode char U+00D4 (decimal 212)
   defining Unicode char U+00D5 (decimal 213)
   defining Unicode char U+00D6 (decimal 214)
   defining Unicode char U+00D8 (decimal 216)
   defining Unicode char U+00D9 (decimal 217)
   defining Unicode char U+00DA (decimal 218)
   defining Unicode char U+00DB (decimal 219)
   defining Unicode char U+00DC (decimal 220)
   defining Unicode char U+00DD (decimal 221)
   defining Unicode char U+00DE (decimal 222)
   defining Unicode char U+00DF (decimal 223)
   defining Unicode char U+00E0 (decimal 224)
   defining Unicode char U+00E1 (decimal 225)
   defining Unicode char U+00E2 (decimal 226)
   defining Unicode char U+00E3 (decimal 227)
   defining Unicode char U+00E4 (decimal 228)
   defining Unicode char U+00E5 (decimal 229)
   defining Unicode char U+00E6 (decimal 230)
   defining Unicode char U+00E7 (decimal 231)
   defining Unicode char U+00E8 (decimal 232)
   defining Unicode char U+00E9 (decimal 233)
   defining Unicode char U+00EA (decimal 234)
   defining Unicode char U+00EB (decimal 235)
   defining Unicode char U+00EC (decimal 236)
   defining Unicode char U+00ED (decimal 237)
   defining Unicode char U+00EE (decimal 238)
   defining Unicode char U+00EF (decimal 239)
   defining Unicode char U+00F0 (decimal 240)
   defining Unicode char U+00F1 (decimal 241)
   defining Unicode char U+00F2 (decimal 242)
   defining Unicode char U+00F3 (decimal 243)
   defining Unicode char U+00F4 (decimal 244)
   defining Unicode char U+00F5 (decimal 245)
   defining Unicode char U+00F6 (decimal 246)
   defining Unicode char U+00F8 (decimal 248)
   defining Unicode char U+00F9 (decimal 249)
   defining Unicode char U+00FA (decimal 250)
   defining Unicode char U+00FB (decimal 251)
   defining Unicode char U+00FC (decimal 252)
   defining Unicode char U+00FD (decimal 253)
   defining Unicode char U+00FE (decimal 254)
   defining Unicode char U+00FF (decimal 255)
   defining Unicode char U+0102 (decimal 258)
   defining Unicode char U+0103 (decimal 259)
   defining Unicode char U+0104 (decimal 260)
   defining Unicode char U+0105 (decimal 261)
   defining Unicode char U+0106 (decimal 262)
   defining Unicode char U+0107 (decimal 263)
   defining Unicode char U+010C (decimal 268)
   defining Unicode char U+010D (decimal 269)
   defining Unicode char U+010E (decimal 270)
   defining Unicode char U+010F (decimal 271)
   defining Unicode char U+0110 (decimal 272)
   defining Unicode char U+0111 (decimal 273)
   defining Unicode char U+0118 (decimal 280)
   defining Unicode char U+0119 (decimal 281)
   defining Unicode char U+011A (decimal 282)
   defining Unicode char U+011B (decimal 283)
   defining Unicode char U+011E (decimal 286)
   defining Unicode char U+011F (decimal 287)
   defining Unicode char U+0130 (decimal 304)
   defining Unicode char U+0131 (decimal 305)
   defining Unicode char U+0132 (decimal 306)
   defining Unicode char U+0133 (decimal 307)
   defining Unicode char U+0139 (decimal 313)
   defining Unicode char U+013A (decimal 314)
   defining Unicode char U+013D (decimal 317)
   defining Unicode char U+013E (decimal 318)
   defining Unicode char U+0141 (decimal 321)
   defining Unicode char U+0142 (decimal 322)
   defining Unicode char U+0143 (decimal 323)
   defining Unicode char U+0144 (decimal 324)
   defining Unicode char U+0147 (decimal 327)
   defining Unicode char U+0148 (decimal 328)
   defining Unicode char U+014A (decimal 330)
   defining Unicode char U+014B (decimal 331)
   defining Unicode char U+0150 (decimal 336)
   defining Unicode char U+0151 (decimal 337)
   defining Unicode char U+0152 (decimal 338)
   defining Unicode char U+0153 (decimal 339)
   defining Unicode char U+0154 (decimal 340)
   defining Unicode char U+0155 (decimal 341)
   defining Unicode char U+0158 (decimal 344)
   defining Unicode char U+0159 (decimal 345)
   defining Unicode char U+015A (decimal 346)
   defining Unicode char U+015B (decimal 347)
   defining Unicode char U+015E (decimal 350)
   defining Unicode char U+015F (decimal 351)
   defining Unicode char U+0160 (decimal 352)
   defining Unicode char U+0161 (decimal 353)
   defining Unicode char U+0162 (decimal 354)
   defining Unicode char U+0163 (decimal 355)
   defining Unicode char U+0164 (decimal 356)
   defining Unicode char U+0165 (decimal 357)
   defining Unicode char U+016E (decimal 366)
   defining Unicode char U+016F (decimal 367)
   defining Unicode char U+0170 (decimal 368)
   defining Unicode char U+0171 (decimal 369)
   defining Unicode char U+0178 (decimal 376)
   defining Unicode char U+0179 (decimal 377)
   defining Unicode char U+017A (decimal 378)
   defining Unicode char U+017B (decimal 379)
   defining Unicode char U+017C (decimal 380)
   defining Unicode char U+017D (decimal 381)
   defining Unicode char U+017E (decimal 382)
   defining Unicode char U+200C (decimal 8204)
   defining Unicode char U+2013 (decimal 8211)
   defining Unicode char U+2014 (decimal 8212)
   defining Unicode char U+2018 (decimal 8216)
   defining Unicode char U+2019 (decimal 8217)
   defining Unicode char U+201A (decimal 8218)
   defining Unicode char U+201C (decimal 8220)
   defining Unicode char U+201D (decimal 8221)
   defining Unicode char U+201E (decimal 8222)
   defining Unicode char U+2030 (decimal 8240)
   defining Unicode char U+2031 (decimal 8241)
   defining Unicode char U+2039 (decimal 8249)
   defining Unicode char U+203A (decimal 8250)
   defining Unicode char U+2423 (decimal 9251)
)
Now handling font encoding OT1 ...
... processing UTF-8 mapping file for font encoding OT1

(/usr/share/texmf-texlive/tex/latex/base/ot1enc.dfu
File: ot1enc.dfu 2008/04/05 v1.1m UTF-8 support for inputenc
   defining Unicode char U+00A1 (decimal 161)
   defining Unicode char U+00A3 (decimal 163)
   defining Unicode char U+00B8 (decimal 184)
   defining Unicode char U+00BF (decimal 191)
   defining Unicode char U+00C5 (decimal 197)
   defining Unicode char U+00C6 (decimal 198)
   defining Unicode char U+00D8 (decimal 216)
   defining Unicode char U+00DF (decimal 223)
   defining Unicode char U+00E6 (decimal 230)
   defining Unicode char U+00EC (decimal 236)
   defining Unicode char U+00ED (decimal 237)
   defining Unicode char U+00EE (decimal 238)
   defining Unicode char U+00EF (decimal 239)
   defining Unicode char U+00F8 (decimal 248)
   defining Unicode char U+0131 (decimal 305)
   defining Unicode char U+0141 (decimal 321)
   defining Unicode char U+0142 (decimal 322)
   defining Unicode char U+0152 (decimal 338)
   defining Unicode char U+0153 (decimal 339)
   defining Unicode char U+2013 (decimal 8211)
   defining Unicode char U+2014 (decimal 8212)
   defining Unicode char U+2018 (decimal 8216)
   defining Unicode char U+2019 (decimal 8217)
   defining Unicode char U+201C (decimal 8220)
   defining Unicode char U+201D (decimal 8221)
)
Now handling font encoding OMS ...
... processing UTF-8 mapping file for font encoding OMS

(/usr/share/texmf-texlive/tex/latex/base/omsenc.dfu
File: omsenc.dfu 2008/04/05 v1.1m UTF-8 support for inputenc
   defining Unicode char U+00A7 (decimal 167)
   defining Unicode char U+00B6 (decimal 182)
   defining Unicode char U+00B7 (decimal 183)
   defining Unicode char U+2020 (decimal 8224)
   defining Unicode char U+2021 (decimal 8225)
   defining Unicode char U+2022 (decimal 8226)
)
Now handling font encoding OMX ...
... no UTF-8 mapping file for font encoding OMX
Now handling font encoding U ...
... no UTF-8 mapping file for font encoding U
   defining Unicode char U+00A9 (decimal 169)
   defining Unicode char U+00AA (decimal 170)
   defining Unicode char U+00AE (decimal 174)
   defining Unicode char U+00BA (decimal 186)
   defining Unicode char U+02C6 (decimal 710)
   defining Unicode char U+02DC (decimal 732)
   defining Unicode char U+200C (decimal 8204)
   defining Unicode char U+2026 (decimal 8230)
   defining Unicode char U+2122 (decimal 8482)
   defining Unicode char U+2423 (decimal 9251)
))
(/usr/share/texmf-texlive/tex/latex/base/latexsym.sty
Package: latexsym 1998/08/17 v2.2e Standard LaTeX package (lasy symbols)
\symlasy=\mathgroup6
LaTeX Font Info:    Overwriting symbol font `lasy' in version `bold'
(Font)                  U/lasy/m/n --> U/lasy/b/n on input line 47.
)
(/usr/share/texmf-texlive/tex/latex/tools/longtable.sty
Package: longtable 2004/02/01 v4.11 Multi-page Table package (DPC)
\LTleft=\skip53
\LTright=\skip54
\LTpre=\skip55
\LTpost=\skip56
\LTchunksize=\count106
\LTcapwidth=\dimen118
\LT@head=\box33
\LT@firsthead=\box34
\LT@foot=\box35
\LT@lastfoot=\box36
\LT@cols=\count107
\LT@rows=\count108
\c@LT@tables=\count109
\c@LT@chunks=\count110
\LT@p@ftn=\toks30
)
Class scrbook Info: longtable captions redefined on input line 30.

(/usr/share/texmf-texlive/tex/latex/base/makeidx.sty
Package: makeidx 2000/03/29 v1.0m Standard LaTeX package
)
(/usr/share/texmf-texlive/tex/latex/marvosym/marvosym.sty
Package: marvosym 2006/05/11 v2.1 Martin Vogel's Symbols font definitions
)
(/usr/share/texmf-texlive/tex/latex/tools/multicol.sty
Package: multicol 2008/12/05 v1.6h multicolumn formatting (FMi)
\c@tracingmulticols=\count111
\mult@box=\box37
\multicol@leftmargin=\dimen119
\c@unbalance=\count112
\c@collectmore=\count113
\doublecol@number=\count114
\multicoltolerance=\count115
\multicolpretolerance=\count116
\full@width=\dimen120
\page@free=\dimen121
\premulticols=\dimen122
\postmulticols=\dimen123
\multicolsep=\skip57
\multicolbaselineskip=\skip58
\partial@page=\box38
\last@line=\box39
\mult@rightbox=\box40
\mult@grightbox=\box41
\mult@gfirstbox=\box42
\mult@firstbox=\box43
\@tempa=\box44
\@tempa=\box45
\@tempa=\box46
\@tempa=\box47
\@tempa=\box48
\@tempa=\box49
\@tempa=\box50
\@tempa=\box51
\@tempa=\box52
\@tempa=\box53
\@tempa=\box54
\@tempa=\box55
\@tempa=\box56
\@tempa=\box57
\@tempa=\box58
\@tempa=\box59
\@tempa=\box60
\c@columnbadness=\count117
\c@finalcolumnbadness=\count118
\last@try=\dimen124
\multicolovershoot=\dimen125
\multicolundershoot=\dimen126
\mult@nat@firstbox=\box61
\colbreak@box=\box62
)
(/usr/share/texmf-texlive/tex/latex/rotating/rotating.sty
Package: rotating 2009/03/28 v2.16a rotated objects in LaTeX

(/usr/share/texmf-texlive/tex/latex/base/ifthen.sty
Package: ifthen 2001/05/26 v1.1c Standard LaTeX ifthen package (DPC)
)
\c@r@tfl@t=\count119
\rotFPtop=\skip59
\rotFPbot=\skip60
\rot@float@box=\box63
\rot@mess@toks=\toks31
)
(/usr/share/texmf-texlive/tex/latex/soul/soul.sty
Package: soul 2003/11/17 v2.4 letterspacing/underlining (mf)
\SOUL@word=\toks32
\SOUL@lasttoken=\toks33
\SOUL@cmds=\toks34
\SOUL@buffer=\toks35
\SOUL@token=\toks36
\SOUL@spaceskip=\skip61
\SOUL@ttwidth=\dimen127
\SOUL@uldp=\dimen128
\SOUL@ulht=\dimen129
)
(/usr/share/texmf-texlive/tex/latex/srcltx/srcltx.sty
Package: srcltx 2006/11/12 v1.6 Source specials for inverse search in DVI files

\src@lastline=\count120
\src@new@everypar=\toks37
\src@new@output=\toks38
)
(/usr/share/texmf-texlive/tex/latex/stmaryrd/stmaryrd.sty
Package: stmaryrd 1994/03/03 St Mary's Road symbol package
\symstmry=\mathgroup7
LaTeX Font Info:    Overwriting symbol font `stmry' in version `bold'
(Font)                  U/stmry/m/n --> U/stmry/b/n on input line 89.
)
(/usr/share/texmf-texlive/tex/latex/subfig/subfig.sty
Package: subfig 2005/06/28 ver: 1.3 subfig package

(/usr/share/texmf-texlive/tex/latex/caption/caption.sty
Package: caption 2009/10/09 v3.1k Customizing captions (AR)

(/usr/share/texmf-texlive/tex/latex/caption/caption3.sty
Package: caption3 2009/10/09 v3.1k caption3 kernel (AR)
\captionmargin=\dimen130
\captionmargin@=\dimen131
\captionwidth=\dimen132
\caption@indent=\dimen133
\caption@parindent=\dimen134
\caption@hangindent=\dimen135
)
Package caption Info: KOMA-Script document class.
\c@ContinuedFloat=\count121
Package caption Info: float package is loaded.
Package caption Info: longtable package is loaded.

(/usr/share/texmf-texlive/tex/latex/caption/ltcaption.sty
Package: ltcaption 2008/03/28 v1.2 longtable captions (AR)
)
Package caption Info: rotating package is loaded.
)
\c@KVtest=\count122
\sf@farskip=\skip62
\sf@captopadj=\dimen136
\sf@capskip=\skip63
\sf@nearskip=\skip64
\c@subfigure=\count123
\c@subfigure@save=\count124
\c@lofdepth=\count125
\c@subtable=\count126
\c@subtable@save=\count127
\c@lotdepth=\count128
\sf@top=\skip65
\sf@bottom=\skip66
)
(/usr/share/texmf-texlive/tex/latex/base/textcomp.sty
Package: textcomp 2005/09/27 v1.99g Standard LaTeX package
Package textcomp Info: Sub-encoding information:
(textcomp)               5 = only ISO-Adobe without \textcurrency
(textcomp)               4 = 5 + \texteuro
(textcomp)               3 = 4 + \textohm
(textcomp)               2 = 3 + \textestimated + \textcurrency
(textcomp)               1 = TS1 - \textcircled - \t
(textcomp)               0 = TS1 (full)
(textcomp)             Font families with sub-encoding setting implement
(textcomp)             only a restricted character set as indicated.
(textcomp)             Family '?' is the default used for unknown fonts.
(textcomp)             See the documentation for details.
Package textcomp Info: Setting ? sub-encoding to TS1/1 on input line 71.
Package srcltx Info: Expanded filename `ts1enc.def' to `ts1enc.def.tex' on inpu
t line 262.

:<+ ts1enc.def.tex
(/usr/share/texmf-texlive/tex/latex/base/ts1enc.def
File: ts1enc.def 2001/06/05 v3.0e (jk/car/fm) Standard LaTeX file
Now handling font encoding TS1 ...
... processing UTF-8 mapping file for font encoding TS1

(/usr/share/texmf-texlive/tex/latex/base/ts1enc.dfu
File: ts1enc.dfu 2008/04/05 v1.1m UTF-8 support for inputenc
   defining Unicode char U+00A2 (decimal 162)
   defining Unicode char U+00A3 (decimal 163)
   defining Unicode char U+00A4 (decimal 164)
   defining Unicode char U+00A5 (decimal 165)
   defining Unicode char U+00A6 (decimal 166)
   defining Unicode char U+00A7 (decimal 167)
   defining Unicode char U+00A8 (decimal 168)
   defining Unicode char U+00A9 (decimal 169)
   defining Unicode char U+00AA (decimal 170)
   defining Unicode char U+00AC (decimal 172)
   defining Unicode char U+00AE (decimal 174)
   defining Unicode char U+00AF (decimal 175)
   defining Unicode char U+00B0 (decimal 176)
   defining Unicode char U+00B1 (decimal 177)
   defining Unicode char U+00B2 (decimal 178)
   defining Unicode char U+00B3 (decimal 179)
   defining Unicode char U+00B4 (decimal 180)
   defining Unicode char U+00B5 (decimal 181)
   defining Unicode char U+00B6 (decimal 182)
   defining Unicode char U+00B7 (decimal 183)
   defining Unicode char U+00B9 (decimal 185)
   defining Unicode char U+00BA (decimal 186)
   defining Unicode char U+00BC (decimal 188)
   defining Unicode char U+00BD (decimal 189)
   defining Unicode char U+00BE (decimal 190)
   defining Unicode char U+00D7 (decimal 215)
   defining Unicode char U+00F7 (decimal 247)
   defining Unicode char U+0192 (decimal 402)
   defining Unicode char U+02C7 (decimal 711)
   defining Unicode char U+02D8 (decimal 728)
   defining Unicode char U+02DD (decimal 733)
   defining Unicode char U+0E3F (decimal 3647)
   defining Unicode char U+2016 (decimal 8214)
   defining Unicode char U+2020 (decimal 8224)
   defining Unicode char U+2021 (decimal 8225)
   defining Unicode char U+2022 (decimal 8226)
   defining Unicode char U+2030 (decimal 8240)
   defining Unicode char U+2031 (decimal 8241)
   defining Unicode char U+203B (decimal 8251)
   defining Unicode char U+203D (decimal 8253)
   defining Unicode char U+2044 (decimal 8260)
   defining Unicode char U+204E (decimal 8270)
   defining Unicode char U+2052 (decimal 8274)
   defining Unicode char U+20A1 (decimal 8353)
   defining Unicode char U+20A4 (decimal 8356)
   defining Unicode char U+20A6 (decimal 8358)
   defining Unicode char U+20A9 (decimal 8361)
   defining Unicode char U+20AB (decimal 8363)
   defining Unicode char U+20AC (decimal 8364)
   defining Unicode char U+20B1 (decimal 8369)
   defining Unicode char U+2103 (decimal 8451)
   defining Unicode char U+2116 (decimal 8470)
   defining Unicode char U+2117 (decimal 8471)
   defining Unicode char U+211E (decimal 8478)
   defining Unicode char U+2120 (decimal 8480)
   defining Unicode char U+2122 (decimal 8482)
   defining Unicode char U+2126 (decimal 8486)
   defining Unicode char U+2127 (decimal 8487)
   defining Unicode char U+212E (decimal 8494)
   defining Unicode char U+2190 (decimal 8592)
   defining Unicode char U+2191 (decimal 8593)
   defining Unicode char U+2192 (decimal 8594)
   defining Unicode char U+2193 (decimal 8595)
   defining Unicode char U+2329 (decimal 9001)
   defining Unicode char U+232A (decimal 9002)
   defining Unicode char U+2422 (decimal 9250)
   defining Unicode char U+25E6 (decimal 9702)
   defining Unicode char U+25EF (decimal 9711)
   defining Unicode char U+266A (decimal 9834)
))
:<-
LaTeX Info: Redefining \oldstylenums on input line 266.
Package textcomp Info: Setting cmr sub-encoding to TS1/0 on input line 281.
Package textcomp Info: Setting cmss sub-encoding to TS1/0 on input line 282.
Package textcomp Info: Setting cmtt sub-encoding to TS1/0 on input line 283.
Package textcomp Info: Setting cmvtt sub-encoding to TS1/0 on input line 284.
Package textcomp Info: Setting cmbr sub-encoding to TS1/0 on input line 285.
Package textcomp Info: Setting cmtl sub-encoding to TS1/0 on input line 286.
Package textcomp Info: Setting ccr sub-encoding to TS1/0 on input line 287.
Package textcomp Info: Setting ptm sub-encoding to TS1/4 on input line 288.
Package textcomp Info: Setting pcr sub-encoding to TS1/4 on input line 289.
Package textcomp Info: Setting phv sub-encoding to TS1/4 on input line 290.
Package textcomp Info: Setting ppl sub-encoding to TS1/3 on input line 291.
Package textcomp Info: Setting pag sub-encoding to TS1/4 on input line 292.
Package textcomp Info: Setting pbk sub-encoding to TS1/4 on input line 293.
Package textcomp Info: Setting pnc sub-encoding to TS1/4 on input line 294.
Package textcomp Info: Setting pzc sub-encoding to TS1/4 on input line 295.
Package textcomp Info: Setting bch sub-encoding to TS1/4 on input line 296.
Package textcomp Info: Setting put sub-encoding to TS1/5 on input line 297.
Package textcomp Info: Setting uag sub-encoding to TS1/5 on input line 298.
Package textcomp Info: Setting ugq sub-encoding to TS1/5 on input line 299.
Package textcomp Info: Setting ul8 sub-encoding to TS1/4 on input line 300.
Package textcomp Info: Setting ul9 sub-encoding to TS1/4 on input line 301.
Package textcomp Info: Setting augie sub-encoding to TS1/5 on input line 302.
Package textcomp Info: Setting dayrom sub-encoding to TS1/3 on input line 303.
Package textcomp Info: Setting dayroms sub-encoding to TS1/3 on input line 304.

Package textcomp Info: Setting pxr sub-encoding to TS1/0 on input line 305.
Package textcomp Info: Setting pxss sub-encoding to TS1/0 on input line 306.
Package textcomp Info: Setting pxtt sub-encoding to TS1/0 on input line 307.
Package textcomp Info: Setting txr sub-encoding to TS1/0 on input line 308.
Package textcomp Info: Setting txss sub-encoding to TS1/0 on input line 309.
Package textcomp Info: Setting txtt sub-encoding to TS1/0 on input line 310.
Package textcomp Info: Setting futs sub-encoding to TS1/4 on input line 311.
Package textcomp Info: Setting futx sub-encoding to TS1/4 on input line 312.
Package textcomp Info: Setting futj sub-encoding to TS1/4 on input line 313.
Package textcomp Info: Setting hlh sub-encoding to TS1/3 on input line 314.
Package textcomp Info: Setting hls sub-encoding to TS1/3 on input line 315.
Package textcomp Info: Setting hlst sub-encoding to TS1/3 on input line 316.
Package textcomp Info: Setting hlct sub-encoding to TS1/5 on input line 317.
Package textcomp Info: Setting hlx sub-encoding to TS1/5 on input line 318.
Package textcomp Info: Setting hlce sub-encoding to TS1/5 on input line 319.
Package textcomp Info: Setting hlcn sub-encoding to TS1/5 on input line 320.
Package textcomp Info: Setting hlcw sub-encoding to TS1/5 on input line 321.
Package textcomp Info: Setting hlcf sub-encoding to TS1/5 on input line 322.
Package textcomp Info: Setting pplx sub-encoding to TS1/3 on input line 323.
Package textcomp Info: Setting pplj sub-encoding to TS1/3 on input line 324.
Package textcomp Info: Setting ptmx sub-encoding to TS1/4 on input line 325.
Package textcomp Info: Setting ptmj sub-encoding to TS1/4 on input line 326.
) (/usr/share/texmf-texlive/tex/latex/tocloft/tocloft.sty
Package: tocloft 2009/09/04 v2.3d parameterised ToC, etc., typesetting


Package tocloft Note: The document has chapter divisions.

\cftparskip=\skip67
\cftbeforetoctitleskip=\skip68
\cftaftertoctitleskip=\skip69
\cftbeforepartskip=\skip70
\cftpartnumwidth=\skip71
\cftpartindent=\skip72
\cftbeforechapskip=\skip73
\cftchapindent=\skip74
\cftchapnumwidth=\skip75
\cftbeforesecskip=\skip76
\cftsecindent=\skip77
\cftsecnumwidth=\skip78
\cftbeforesubsecskip=\skip79
\cftsubsecindent=\skip80
\cftsubsecnumwidth=\skip81
\cftbeforesubsubsecskip=\skip82
\cftsubsubsecindent=\skip83
\cftsubsubsecnumwidth=\skip84
\cftbeforeparaskip=\skip85
\cftparaindent=\skip86
\cftparanumwidth=\skip87
\cftbeforesubparaskip=\skip88
\cftsubparaindent=\skip89
\cftsubparanumwidth=\skip90
\cftbeforeloftitleskip=\skip91
\cftafterloftitleskip=\skip92
\cftbeforefigskip=\skip93
\cftfigindent=\skip94
\cftfignumwidth=\skip95
\cftbeforelottitleskip=\skip96
\cftafterlottitleskip=\skip97
\cftbeforetabskip=\skip98
\cfttabindent=\skip99
\cfttabnumwidth=\skip100
\cftbeforesubfigskip=\skip101
\cftsubfigindent=\skip102
\cftsubfignumwidth=\skip103
\cftbeforesubtabskip=\skip104
\cftsubtabindent=\skip105
\cftsubtabnumwidth=\skip106
) (/usr/share/texmf-texlive/tex/latex/txfonts/txfonts.sty
Package: txfonts 2008/01/22 v3.2.1
LaTeX Font Info:    Redeclaring symbol font `operators' on input line 21.
LaTeX Font Info:    Overwriting symbol font `operators' in version `normal'
(Font)                  OT1/lmr/m/n --> OT1/txr/m/n on input line 21.
LaTeX Font Info:    Overwriting symbol font `operators' in version `bold'
(Font)                  OT1/lmr/bx/n --> OT1/txr/m/n on input line 21.
LaTeX Font Info:    Overwriting symbol font `operators' in version `bold'
(Font)                  OT1/txr/m/n --> OT1/txr/bx/n on input line 22.
\symitalic=\mathgroup8
LaTeX Font Info:    Overwriting symbol font `italic' in version `bold'
(Font)                  OT1/txr/m/it --> OT1/txr/bx/it on input line 26.
LaTeX Font Info:    Redeclaring math alphabet \mathbf on input line 29.
LaTeX Font Info:    Overwriting math alphabet `\mathbf' in version `normal'
(Font)                  OT1/lmr/bx/n --> OT1/txr/bx/n on input line 29.
LaTeX Font Info:    Overwriting math alphabet `\mathbf' in version `bold'
(Font)                  OT1/lmr/bx/n --> OT1/txr/bx/n on input line 29.
LaTeX Font Info:    Redeclaring math alphabet \mathit on input line 30.
LaTeX Font Info:    Overwriting math alphabet `\mathit' in version `normal'
(Font)                  OT1/lmr/m/it --> OT1/txr/m/it on input line 30.
LaTeX Font Info:    Overwriting math alphabet `\mathit' in version `bold'
(Font)                  OT1/lmr/bx/it --> OT1/txr/m/it on input line 30.
LaTeX Font Info:    Overwriting math alphabet `\mathit' in version `bold'
(Font)                  OT1/txr/m/it --> OT1/txr/bx/it on input line 31.
LaTeX Font Info:    Redeclaring math alphabet \mathsf on input line 40.
LaTeX Font Info:    Overwriting math alphabet `\mathsf' in version `normal'
(Font)                  OT1/lmss/m/n --> OT1/txss/m/n on input line 40.
LaTeX Font Info:    Overwriting math alphabet `\mathsf' in version `bold'
(Font)                  OT1/lmss/bx/n --> OT1/txss/m/n on input line 40.
LaTeX Font Info:    Overwriting math alphabet `\mathsf' in version `bold'
(Font)                  OT1/txss/m/n --> OT1/txss/b/n on input line 41.
LaTeX Font Info:    Redeclaring math alphabet \mathtt on input line 50.
LaTeX Font Info:    Overwriting math alphabet `\mathtt' in version `normal'
(Font)                  OT1/lmtt/m/n --> OT1/txtt/m/n on input line 50.
LaTeX Font Info:    Overwriting math alphabet `\mathtt' in version `bold'
(Font)                  OT1/lmtt/m/n --> OT1/txtt/m/n on input line 50.
LaTeX Font Info:    Overwriting math alphabet `\mathtt' in version `bold'
(Font)                  OT1/txtt/m/n --> OT1/txtt/b/n on input line 51.
LaTeX Font Info:    Redeclaring symbol font `letters' on input line 58.
LaTeX Font Info:    Overwriting symbol font `letters' in version `normal'
(Font)                  OML/lmm/m/it --> OML/txmi/m/it on input line 58.
LaTeX Font Info:    Overwriting symbol font `letters' in version `bold'
(Font)                  OML/lmm/b/it --> OML/txmi/m/it on input line 58.
LaTeX Font Info:    Overwriting symbol font `letters' in version `bold'
(Font)                  OML/txmi/m/it --> OML/txmi/bx/it on input line 59.
\symlettersA=\mathgroup9
LaTeX Font Info:    Overwriting symbol font `lettersA' in version `bold'
(Font)                  U/txmia/m/it --> U/txmia/bx/it on input line 67.
LaTeX Font Info:    Redeclaring math alphabet \mathfrak on input line 70.
LaTeX Font Info:    Redeclaring symbol font `symbols' on input line 77.
LaTeX Font Info:    Overwriting symbol font `symbols' in version `normal'
(Font)                  OMS/lmsy/m/n --> OMS/txsy/m/n on input line 77.
LaTeX Font Info:    Overwriting symbol font `symbols' in version `bold'
(Font)                  OMS/lmsy/b/n --> OMS/txsy/m/n on input line 77.
LaTeX Font Info:    Overwriting symbol font `symbols' in version `bold'
(Font)                  OMS/txsy/m/n --> OMS/txsy/bx/n on input line 78.
LaTeX Font Info:    Redeclaring symbol font `AMSa' on input line 93.
LaTeX Font Info:    Overwriting symbol font `AMSa' in version `normal'
(Font)                  U/msa/m/n --> U/txsya/m/n on input line 93.
LaTeX Font Info:    Overwriting symbol font `AMSa' in version `bold'
(Font)                  U/msa/m/n --> U/txsya/m/n on input line 93.
LaTeX Font Info:    Overwriting symbol font `AMSa' in version `bold'
(Font)                  U/txsya/m/n --> U/txsya/bx/n on input line 94.
LaTeX Font Info:    Redeclaring symbol font `AMSb' on input line 102.
LaTeX Font Info:    Overwriting symbol font `AMSb' in version `normal'
(Font)                  U/msb/m/n --> U/txsyb/m/n on input line 102.
LaTeX Font Info:    Overwriting symbol font `AMSb' in version `bold'
(Font)                  U/msb/m/n --> U/txsyb/m/n on input line 102.
LaTeX Font Info:    Overwriting symbol font `AMSb' in version `bold'
(Font)                  U/txsyb/m/n --> U/txsyb/bx/n on input line 103.
\symsymbolsC=\mathgroup10
LaTeX Font Info:    Overwriting symbol font `symbolsC' in version `bold'
(Font)                  U/txsyc/m/n --> U/txsyc/bx/n on input line 113.
LaTeX Font Info:    Redeclaring symbol font `largesymbols' on input line 120.
LaTeX Font Info:    Overwriting symbol font `largesymbols' in version `normal'
(Font)                  OMX/lmex/m/n --> OMX/txex/m/n on input line 120.
LaTeX Font Info:    Overwriting symbol font `largesymbols' in version `bold'
(Font)                  OMX/lmex/m/n --> OMX/txex/m/n on input line 120.
LaTeX Font Info:    Overwriting symbol font `largesymbols' in version `bold'
(Font)                  OMX/txex/m/n --> OMX/txex/bx/n on input line 121.
\symlargesymbolsA=\mathgroup11
LaTeX Font Info:    Overwriting symbol font `largesymbolsA' in version `bold'
(Font)                  U/txexa/m/n --> U/txexa/bx/n on input line 129.
LaTeX Info: Redefining \not on input line 1043.
LaTeX Info: Redefining \textsquare on input line 1063.
LaTeX Info: Redefining \openbox on input line 1064.
)
(/usr/share/texmf-texlive/tex/latex/was/upgreek.sty
Package: upgreek 2003/02/12 v2.0 (WaS)
Package upgreek Info: Using Euler Roman for upright Greek on input line 31.
\symugrf@m=\mathgroup12
LaTeX Font Info:    Overwriting symbol font `ugrf@m' in version `bold'
(Font)                  U/eur/m/n --> U/eur/b/n on input line 38.
)
(/usr/share/texmf-texlive/tex/latex/ltxmisc/url.sty
\Urlmuskip=\muskip11
Package: url 2006/04/12  ver 3.3  Verb mode for urls, etc.
)
(/usr/share/texmf-texlive/tex/latex/tools/varioref.sty
Package: varioref 2009/09/13 v1.4w package for extended references (FMi)
\c@vrcnt=\count129
)
(/usr/share/texmf-texlive/tex/latex/tools/verbatim.sty
Package: verbatim 2003/08/22 v1.5q LaTeX2e package for verbatim enhancements
\every@verbatim=\toks39
\verbatim@line=\toks40
\verbatim@in@stream=\read2
)
(/usr/share/texmf-texlive/tex/latex/wrapfig/wrapfig.sty
\wrapoverhang=\dimen137
\WF@size=\dimen138
\c@WF@wrappedlines=\count130
\WF@box=\box64
\WF@everypar=\toks41
Package: wrapfig 2003/01/31  v 3.6
)
(/usr/share/texmf-texlive/tex/latex/geometry/geometry.sty
Package: geometry 2008/12/21 v4.2 Page Geometry

(/usr/share/texmf-texlive/tex/generic/oberdiek/ifpdf.sty
Package: ifpdf 2009/04/10 v2.0 Provides the ifpdf switch (HO)
Package ifpdf Info: pdfTeX in pdf mode not detected.
)
(/usr/share/texmf-texlive/tex/generic/oberdiek/ifvtex.sty
Package: ifvtex 2008/11/04 v1.4 Switches for detecting VTeX and its modes (HO)
Package ifvtex Info: VTeX not detected.
)
\Gm@cnth=\count131
\Gm@cntv=\count132
\c@Gm@tempcnt=\count133
\Gm@bindingoffset=\dimen139
\Gm@wd@mp=\dimen140
\Gm@odd@mp=\dimen141
\Gm@even@mp=\dimen142
\Gm@dimlist=\toks42

(/usr/share/texmf-texlive/tex/xelatex/xetexconfig/geometry.cfg))
\@indexfile=\write4
\openout4 = `IPSUR.idx'.


Writing index file IPSUR.idx
(/usr/share/texmf/tex/latex/xcolor/xcolor.sty
Package: xcolor 2007/01/21 v2.11 LaTeX color extensions (UK)

(/etc/texmf/tex/latex/config/color.cfg
File: color.cfg 2007/01/18 v1.5 color configuration of teTeX/TeXLive
)
Package xcolor Info: Driver file: dvips.def on input line 225.
Package xcolor Info: Model `cmy' substituted by `cmy0' on input line 1337.
Package xcolor Info: Model `RGB' extended on input line 1353.
Package xcolor Info: Model `HTML' substituted by `rgb' on input line 1355.
Package xcolor Info: Model `Hsb' substituted by `hsb' on input line 1356.
Package xcolor Info: Model `tHsb' substituted by `hsb' on input line 1357.
Package xcolor Info: Model `HSB' substituted by `hsb' on input line 1358.
Package xcolor Info: Model `Gray' substituted by `gray' on input line 1359.
Package xcolor Info: Model `wave' substituted by `hsb' on input line 1360.
Package srcltx Info: Expanded filename `x11nam.def' to `x11nam.def.tex' on inpu
t line 1441.

:<+ x11nam.def.tex
(/usr/share/texmf/tex/latex/xcolor/x11nam.def
File: x11nam.def 2007/01/21 v2.11 Predefined colors according to Unix/X11 (UK)
)
:<-
) (/usr/share/texmf-texlive/tex/latex/hyperref/hyperref.sty
Package: hyperref 2009/10/09 v6.79a Hypertext links for LaTeX

(/usr/share/texmf-texlive/tex/generic/ifxetex/ifxetex.sty
Package: ifxetex 2009/01/23 v0.5 Provides ifxetex conditional
)
(/usr/share/texmf-texlive/tex/latex/oberdiek/hycolor.sty
Package: hycolor 2009/10/02 v1.5 Code for color options of hyperref/bookmark (H
O)

(/usr/share/texmf-texlive/tex/latex/oberdiek/xcolor-patch.sty
Package: xcolor-patch 2009/10/02 xcolor patch
))
\@linkdim=\dimen143
\Hy@linkcounter=\count134
\Hy@pagecounter=\count135
Package srcltx Info: Expanded filename `pd1enc.def' to `pd1enc.def.tex' on inpu
t line 518.

:<+ pd1enc.def.tex
(/usr/share/texmf-texlive/tex/latex/hyperref/pd1enc.def
File: pd1enc.def 2009/10/09 v6.79a Hyperref: PDFDocEncoding definition (HO)
Now handling font encoding PD1 ...
... no UTF-8 mapping file for font encoding PD1
)
:<-
(/usr/share/texmf-texlive/tex/generic/oberdiek/etexcmds.sty
Package: etexcmds 2007/12/12 v1.2 Prefix for e-TeX command names (HO)

(/usr/share/texmf-texlive/tex/generic/oberdiek/infwarerr.sty
Package: infwarerr 2007/09/09 v1.2 Providing info/warning/message (HO)
)
Package etexcmds Info: Could not find \expanded.
(etexcmds)             That can mean that you are not using pdfTeX 1.50 or
(etexcmds)             that some package has redefined \expanded.
(etexcmds)             In the latter case, load this package earlier.
)
(/usr/share/texmf-texlive/tex/latex/latexconfig/hyperref.cfg
File: hyperref.cfg 2002/06/06 v1.2 hyperref configuration of TeXLive
)
(/usr/share/texmf-texlive/tex/latex/oberdiek/kvoptions.sty
Package: kvoptions 2009/08/13 v3.4 Keyval support for LaTeX options (HO)

(/usr/share/texmf-texlive/tex/generic/oberdiek/kvsetkeys.sty
Package: kvsetkeys 2009/07/30 v1.5 Key value parser with default handler suppor
t (HO)
))
Package hyperref Info: Option `unicode' set `true' on input line 2864.
Package srcltx Info: Expanded filename `puenc.def' to `puenc.def.tex' on input 
line 2864.

:<+ puenc.def.tex
(/usr/share/texmf-texlive/tex/latex/hyperref/puenc.def
File: puenc.def 2009/10/09 v6.79a Hyperref: PDF Unicode definition (HO)
Now handling font encoding PU ...
... no UTF-8 mapping file for font encoding PU
)
:<-
Package hyperref Info: Option `bookmarks' set `true' on input line 2864.
Package hyperref Info: Option `bookmarksnumbered' set `true' on input line 2864
.
Package hyperref Info: Option `bookmarksopen' set `true' on input line 2864.
Package hyperref Info: Option `breaklinks' set `true' on input line 2864.
Package hyperref Info: Option `colorlinks' set `true' on input line 2864.
Package hyperref Info: Hyper figures OFF on input line 2975.
Package hyperref Info: Link nesting OFF on input line 2980.
Package hyperref Info: Hyper index ON on input line 2983.
Package hyperref Info: Plain pages OFF on input line 2990.
Package hyperref Info: Backreferencing ON on input line 2993.
Implicit mode ON; LaTeX internals redefined
Package hyperref Info: Bookmarks ON on input line 3191.
(/usr/share/texmf-texlive/tex/latex/hyperref/backref.sty
Package: backref 2006/09/05 v1.28 Bibliographical back referencing
)
LaTeX Info: Redefining \url on input line 3428.

(/usr/share/texmf-texlive/tex/generic/oberdiek/bitset.sty
Package: bitset 2007/09/28 v1.0 Data type bit set (HO)

(/usr/share/texmf-texlive/tex/generic/oberdiek/intcalc.sty
Package: intcalc 2007/09/27 v1.1 Expandable integer calculations (HO)
)
(/usr/share/texmf-texlive/tex/generic/oberdiek/bigintcalc.sty
Package: bigintcalc 2007/11/11 v1.1 Expandable big integer calculations (HO)

(/usr/share/texmf-texlive/tex/generic/oberdiek/pdftexcmds.sty
Package: pdftexcmds 2009/09/23 v0.6 LuaTeX support for pdfTeX utility functions
 (HO)

(/usr/share/texmf-texlive/tex/generic/oberdiek/ifluatex.sty
Package: ifluatex 2009/04/17 v1.2 Provides the ifluatex switch (HO)
Package ifluatex Info: LuaTeX not detected.
)
(/usr/share/texmf-texlive/tex/generic/oberdiek/ltxcmds.sty
Package: ltxcmds 2009/08/05 v1.0 Some LaTeX kernel commands for general use (HO
)
)
Package pdftexcmds Info: LuaTeX not detected.
Package pdftexcmds Info: \pdf@primitive is available.
Package pdftexcmds Info: \pdf@ifprimitive is available.
)))
\Fld@menulength=\count136
\Field@Width=\dimen144
\Fld@charsize=\dimen145
\Field@toks=\toks43
Package hyperref Info: Hyper figures OFF on input line 4377.
Package hyperref Info: Link nesting OFF on input line 4382.
Package hyperref Info: Hyper index ON on input line 4385.
Package hyperref Info: backreferencing ON on input line 4390.
Package hyperref Info: Link coloring ON on input line 4395.
Package hyperref Info: Link coloring with OCG OFF on input line 4402.
Package hyperref Info: PDF/A mode OFF on input line 4407.

(/usr/share/texmf-texlive/tex/generic/oberdiek/atbegshi.sty
Package: atbegshi 2008/07/31 v1.9 At begin shipout hook (HO)
)
\Hy@abspage=\count137
\c@Item=\count138
\c@Hfootnote=\count139
)
*hyperref using default driver hdvips*
Package srcltx Info: Expanded filename `hdvips.def' to `hdvips.def.tex' on inpu
t line 72.
:<+ hdvips.def.tex
(/usr/share/texmf-texlive/tex/latex/hyperref/hdvips.def
File: hdvips.def 2009/10/09 v6.79a Hyperref driver for dvips
Package srcltx Info: Expanded filename `pdfmark.def' to `pdfmark.def.tex' on in
put line 33.

:<+ pdfmark.def.tex
(/usr/share/texmf-texlive/tex/latex/hyperref/pdfmark.def
File: pdfmark.def 2009/10/09 v6.79a Hyperref definitions for pdfmark specials


Package hyperref Warning: You have enabled option `breaklinks'.
(hyperref)                But driver `hdvips.def' does not suppport this.
(hyperref)                Expect trouble with the link areas of broken links.

\pdf@docset=\toks44
\pdf@box=\box65
\pdf@toks=\toks45
\pdf@defaulttoks=\toks46
\Fld@listcount=\count140
)
:<-
)
:<-
(/usr/share/texmf-texlive/tex/latex/listings/listings.sty
\lst@mode=\count141
\lst@gtempboxa=\box66
\lst@token=\toks47
\lst@length=\count142
\lst@currlwidth=\dimen146
\lst@column=\count143
\lst@pos=\count144
\lst@lostspace=\dimen147
\lst@width=\dimen148
\lst@newlines=\count145
\lst@lineno=\count146
\lst@maxwidth=\dimen149

(/usr/share/texmf-texlive/tex/latex/listings/lstmisc.sty
File: lstmisc.sty 2007/02/22 1.4 (Carsten Heinz)
\c@lstnumber=\count147
\lst@skipnumbers=\count148
\lst@framebox=\box67
)
(/usr/share/texmf-texlive/tex/latex/listings/listings.cfg
File: listings.cfg 2007/02/22 1.4 listings configuration
))
Package: listings 2007/02/22 1.4 (Carsten Heinz)

(/usr/share/texmf-texlive/tex/latex/listings/lstlang1.sty
File: lstlang1.sty 2004/09/05 1.3 listings language file
)
(/usr/share/texmf-texlive/tex/latex/listings/lstlang2.sty
File: lstlang2.sty 2004/09/05 1.3 listings language file
)
(/usr/share/texmf-texlive/tex/latex/listings/lstlang3.sty
File: lstlang3.sty 2004/09/05 1.3 listings language file
)
\c@thm=\count149
) (./IPSUR.aux

LaTeX Warning: Label `fig:Scatter-cars' multiply defined.

)
\openout1 = `IPSUR.aux'.

LaTeX Font Info:    Checking defaults for OML/txmi/m/it on input line 12.
LaTeX Font Info:    Try loading font information for OML+txmi on input line 12.

 (/usr/share/texmf-texlive/tex/latex/txfonts/omltxmi.fd
File: omltxmi.fd 2000/12/15 v3.1
)
LaTeX Font Info:    ... okay on input line 12.
LaTeX Font Info:    Checking defaults for T1/cmr/m/n on input line 12.
LaTeX Font Info:    ... okay on input line 12.
LaTeX Font Info:    Checking defaults for OT1/cmr/m/n on input line 12.
LaTeX Font Info:    ... okay on input line 12.
LaTeX Font Info:    Checking defaults for OMS/txsy/m/n on input line 12.
LaTeX Font Info:    Try loading font information for OMS+txsy on input line 12.


(/usr/share/texmf-texlive/tex/latex/txfonts/omstxsy.fd
File: omstxsy.fd 2000/12/15 v3.1
)
LaTeX Font Info:    ... okay on input line 12.
LaTeX Font Info:    Checking defaults for OMX/txex/m/n on input line 12.
LaTeX Font Info:    Try loading font information for OMX+txex on input line 12.


(/usr/share/texmf-texlive/tex/latex/txfonts/omxtxex.fd
File: omxtxex.fd 2000/12/15 v3.1
)
LaTeX Font Info:    ... okay on input line 12.
LaTeX Font Info:    Checking defaults for U/txexa/m/n on input line 12.
LaTeX Font Info:    Try loading font information for U+txexa on input line 12.

(/usr/share/texmf-texlive/tex/latex/txfonts/utxexa.fd
File: utxexa.fd 2000/12/15 v3.1
)
LaTeX Font Info:    ... okay on input line 12.
LaTeX Font Info:    Checking defaults for TS1/cmr/m/n on input line 12.
LaTeX Font Info:    Try loading font information for TS1+cmr on input line 12.

(/usr/share/texmf-texlive/tex/latex/base/ts1cmr.fd
File: ts1cmr.fd 1999/05/25 v2.5h Standard LaTeX font definitions
)
LaTeX Font Info:    ... okay on input line 12.
LaTeX Font Info:    Checking defaults for PD1/pdf/m/n on input line 12.
LaTeX Font Info:    ... okay on input line 12.
LaTeX Font Info:    Checking defaults for PU/pdf/m/n on input line 12.
LaTeX Font Info:    ... okay on input line 12.
LaTeX Font Info:    Try loading font information for T1+txr on input line 12.

(/usr/share/texmf-texlive/tex/latex/txfonts/t1txr.fd
File: t1txr.fd 2000/12/15 v3.1
)
Package caption Info: Begin \AtBeginDocument code.
Package caption3 Info: subfig package 1.2 or 1.3 is loaded.
LaTeX Info: Redefining \subref on input line 12.
Package caption Info: hyperref package is loaded.
Package caption Info: listings package is loaded.
Package caption Info: wrapfig package is loaded.
Package caption Info: End \AtBeginDocument code.

*geometry auto-detecting driver*
*geometry detected driver: dvips*

Package geometry Warning: The marginal notes would fall off the page.
     Add 30.1963pt and more to the right margin.

-------------------- Geometry parameters
paper: user defined
landscape: --
twocolumn: --
twoside: true
asymmetric: --
h-parts: 72.26999pt, 393.14899pt, 72.26999pt
v-parts: 72.26999pt, 555.75648pt, 72.26999pt
hmarginratio: --
vmarginratio: --
lines: --
heightrounded: --
bindingoffset: 0.0pt
truedimen: --
includehead: --
includefoot: --
includemp: --
driver: dvips
-------------------- Page layout dimensions and switches
\paperwidth  537.68896pt
\paperheight 700.29646pt
\textwidth  393.14899pt
\textheight 555.75648pt
\oddsidemargin  0.0pt
\evensidemargin 0.0pt
\topmargin  -37.40001pt
\headheight 17.0pt
\headsep    20.40001pt
\footskip   47.60002pt
\marginparwidth 89.62619pt
\marginparsep   12.8401pt
\columnsep  10.0pt
\skip\footins  10.0pt plus 4.0pt minus 2.0pt
\hoffset 0.0pt
\voffset 0.0pt
\mag 1000
\@twosidetrue \@mparswitchtrue 
(1in=72.27pt, 1cm=28.45pt)
-----------------------
Package hyperref Info: Link coloring ON on input line 12.
(/usr/share/texmf-texlive/tex/latex/hyperref/nameref.sty
Package: nameref 2007/05/29 v2.31 Cross-referencing by name of section

(/usr/share/texmf-texlive/tex/latex/oberdiek/refcount.sty
Package: refcount 2008/08/11 v3.1 Data extraction from references (HO)
)
\c@section@level=\count150
LaTeX Info: Redefining \Ref on input line 396.
)
LaTeX Info: Redefining \ref on input line 12.
LaTeX Info: Redefining \pageref on input line 12.
 (./IPSUR.out)
(./IPSUR.out)
\@outlinefile=\write5
\openout5 = `IPSUR.out'.

\AtBeginShipoutBox=\box68
LaTeX Info: Redefining \Ref on input line 12.
\c@lstlisting=\count151
LaTeX Font Info:    Try loading font information for T1+txss on input line 15.
 (/usr/share/texmf-texlive/tex/latex/txfonts/t1txss.fd
File: t1txss.fd 2000/12/15 v3.1
)
LaTeX Font Info:    Font shape `T1/txss/m/n' will be
(Font)              scaled to size 10.40245pt on input line 15.
LaTeX Font Info:    Font shape `T1/txss/bx/n' will be
(Font)              scaled to size 10.40245pt on input line 15.
LaTeX Font Info:    Font shape `T1/txss/bx/n' will be
(Font)              scaled to size 19.70294pt on input line 15.
LaTeX Font Info:    Font shape `T1/txss/bx/n' will be
(Font)              scaled to size 28.49991pt on input line 15.
LaTeX Font Info:    Try loading font information for OT1+txr on input line 15.

(/usr/share/texmf-texlive/tex/latex/txfonts/ot1txr.fd
File: ot1txr.fd 2000/12/15 v3.1
)
LaTeX Font Info:    Try loading font information for U+txsya on input line 15.

(/usr/share/texmf-texlive/tex/latex/txfonts/utxsya.fd
File: utxsya.fd 2000/12/15 v3.1
)
LaTeX Font Info:    Try loading font information for U+txsyb on input line 15.

(/usr/share/texmf-texlive/tex/latex/txfonts/utxsyb.fd
File: utxsyb.fd 2000/12/15 v3.1
)
LaTeX Font Info:    Try loading font information for U+lasy on input line 15.

(/usr/share/texmf-texlive/tex/latex/base/ulasy.fd
File: ulasy.fd 1998/08/17 v2.2e LaTeX symbol font definitions
)
LaTeX Font Info:    Try loading font information for U+stmry on input line 15.

(/usr/share/texmf-texlive/tex/latex/stmaryrd/Ustmry.fd)
LaTeX Font Info:    Try loading font information for U+txmia on input line 15.

(/usr/share/texmf-texlive/tex/latex/txfonts/utxmia.fd
File: utxmia.fd 2000/12/15 v3.1
)
LaTeX Font Info:    Try loading font information for U+txsyc on input line 15.

(/usr/share/texmf-texlive/tex/latex/txfonts/utxsyc.fd
File: utxsyc.fd 2000/12/15 v3.1
) [1



] [2

]
Package srcltx Info: Expanded filename `frontmatter' to `frontmatter.tex' on in
put line 17.

:<+ frontmatter.tex
(./frontmatter.tex
LaTeX Font Info:    Font shape `T1/txss/m/n' will be
(Font)              scaled to size 11.39996pt on input line 6.
LaTeX Font Info:    Try loading font information for TS1+txr on input line 8.
 (/usr/share/texmf-texlive/tex/latex/txfonts/ts1txr.fd
File: ts1txr.fd 2000/12/15 v3.1
)
[2]
LaTeX Font Info:    Font shape `T1/txss/m/n' will be
(Font)              scaled to size 19.70294pt on input line 25.
 (./IPSUR.toc [3


] [4] [5] [6]
LaTeX Font Info:    Try loading font information for T1+txtt on input line 315.


(/usr/share/texmf-texlive/tex/latex/txfonts/t1txtt.fd
File: t1txtt.fd 2000/12/15 v3.1
))
\tf@toc=\write6
\openout6 = `IPSUR.toc'.

)
:<-
[7] [8


] [9] [10]
LaTeX Font Info:    Font shape `T1/txss/bx/n' will be
(Font)              scaled to size 13.67995pt on input line 59.
LaTeX Font Info:    Font shape `T1/txss/bx/n' will be
(Font)              scaled to size 11.39996pt on input line 63.
 [11] [12] [13] [14] (./IPSUR.lof
LaTeX Font Info:    Try loading font information for OT1+txss on input line 21.


(/usr/share/texmf-texlive/tex/latex/txfonts/ot1txss.fd
File: ot1txss.fd 2000/12/15 v3.1
)
LaTeX Font Info:    Font shape `OT1/txss/m/n' will be
(Font)              scaled to size 10.40245pt on input line 21.
LaTeX Font Info:    Font shape `OT1/txss/m/n' will be
(Font)              scaled to size 7.59998pt on input line 21.
LaTeX Font Info:    Font shape `OT1/txss/m/n' will be
(Font)              scaled to size 5.69998pt on input line 21.
LaTeX Font Info:    Try loading font information for OT1+txtt on input line 21.


(/usr/share/texmf-texlive/tex/latex/txfonts/ot1txtt.fd
File: ot1txtt.fd 2000/12/15 v3.1
)
Underfull \vbox (badness 1132) has occurred while \output is active []

 [15


])
\tf@lof=\write7
\openout7 = `IPSUR.lof'.


[16] (./IPSUR.lot)
\tf@lot=\write8
\openout8 = `IPSUR.lot'.

 [17


] [18


]
Chapter 1.

Class scrbook Warning: \float@addtolists detected!
(scrbook)              You should use the features of package `tocbasic'
(scrbook)              instead of \float@addtolists.
(scrbook)              Support for \float@addtolists may be removed from
(scrbook)              `scrbook' soon .

[1] [2] [3] [4


]
Chapter 2.
[5]
LaTeX Font Info:    Font shape `T1/txss/m/sl' will be
(Font)              scaled to size 10.40245pt on input line 244.
 [6] [7]
LaTeX Font Info:    Font shape `T1/txss/bx/it' in size <10.95> not available
(Font)              Font shape `T1/txss/bx/sl' tried instead on input line 261.

LaTeX Font Info:    Font shape `T1/txss/bx/sl' will be
(Font)              scaled to size 10.40245pt on input line 261.
 [8] [9] [10]
Overfull \hbox (86.143pt too wide) in paragraph at lines 377--378
[] \T1/txss/bx/n/10.95 En-ter-ing data vec-tors[] []\T1/txr/bx/n/10.95 The long
 way:[] \T1/txr/m/n/10.95 If you would like to en-ter the data \T1/txtt/m/n/10.
95 74,31,95,61,76,34,23,54,96
 []

[11] [12] [13] [14] [15] [16] [17] [18] [19] [20


]
Chapter 3.
[21]
Overfull \hbox (55.25223pt too wide) in paragraph at lines 688--688
[][]  \T1/txtt/m/n/10.95 - attr(*, "names")= chr [1:70] "Mobile" "Juneau" "Phoe
nix" "Little Rock" ...[] 
 []

[22] [23]
File: ps/stripcharts.ps Graphic file (type eps)
 <ps/stripcharts.ps>

LaTeX Warning: Reference `fig:Various-stripchart-methods,' on page 24 undefined
 on input line 786.

[24]
File: ps/histograms.ps Graphic file (type eps)
 <ps/histograms.ps> [25]

LaTeX Warning: Reference `fig:Various-stripchart-methods' on page 26 undefined 
on input line 830.

File: ps/histograms-bins.ps Graphic file (type eps)
<ps/histograms-bins.ps> [26]
Overfull \hbox (18.66864pt too wide) in paragraph at lines 863--864
\T1/txr/m/n/10.95 se-ri-ously in-jured in Great Britain monthly from Jan 1969 t
o Dec 1984. See \T1/txtt/m/n/10.95 ?UKDriverDeaths\T1/txr/m/n/10.95 .
 []

[27] [28]
File: ps/indpl-lakehuron.ps Graphic file (type eps)
 <ps/indpl-lakehuron.ps> [29] [30] [31]
File: ps/bar-gr-stateregion.ps Graphic file (type eps)
 <ps/bar-gr-stateregion.ps>
[32]
File: ps/Pareto-chart.ps Graphic file (type eps)
 <ps/Pareto-chart.ps> [33]
File: ps/dot-charts.ps Graphic file (type eps)
 <ps/dot-charts.ps> [34] [35]
Overfull \hbox (2.0612pt too wide) in paragraph at lines 1226--1227
[][]\T1/txr/m/n/10.95 The ana-logue of \T1/txtt/m/n/10.95 is.na \T1/txr/m/n/10.
95 for rect-an-gu-lar data sets (or data frames) is the \T1/txtt/m/n/10.95 comp
lete.cases
 []

[36]
Overfull \hbox (8.58913pt too wide) in paragraph at lines 1258--1260
[] \T1/txss/bx/n/10.95 Sym-me-try and Skew-ness[] []\T1/txr/m/n/10.95 A dis-tri
-bu-tion is said to be \T1/txr/m/it/10.95 right-skewed \T1/txr/m/n/10.95 (or \T
1/txr/m/it/10.95 pos-i-tively skewed\T1/txr/m/n/10.95 )
 []

[37] [38] [39] [40] [41] [42] [43]
Overfull \hbox (0.67018pt too wide) in paragraph at lines 1476--1477
[] \T1/txss/bx/n/10.95 With the R Com-man-der[] []\T1/txr/m/n/10.95 we can cal-
cu-late the sam-ple stan-dard de-vi-a-tion with the \T1/txss/m/n/10.95 Statis-
 []

[44] [45]

LaTeX Warning: Reference `exa:stemleaf-multiple-lines-stem' on page 46 undefine
d on input line 1552.

[46] [47] [48] [49] [50] [51] [52] [53]
Overfull \hbox (3.12001pt too wide) in paragraph at lines 1881--1882
[]\T1/txr/m/n/10.95 barplot(xtabs(Freq ^^C Gen-der + Ad-mit, data = UCBAd-mis-s
ions, leg-end = TRUE,
 []

[54]
File: ps/xyplot-group.ps Graphic file (type eps)
 <ps/xyplot-group.ps>
Overfull \hbox (55.18716pt too wide) in paragraph at lines 1923--1924
[]\T1/txr/m/n/10.95 splom( ^^C cbind(GNP.deflator,GNP,Unemployed,Armed.Forces,P
opulation,Year,Employed),
 []


Overfull \hbox (37.27287pt too wide) in paragraph at lines 1929--1930
[]\T1/txr/m/n/10.95 splom( ^^C cbind(Fertility,Agriculture,Examination,Educatio
n,Catholic,Infant.Mortality),
 []

[55]
Overfull \hbox (7.53276pt too wide) in paragraph at lines 1944--1945
[]\T1/txr/m/n/10.95 mosaic( ^^C Sur-vived + Class + Age + Sex, data = Ti-tanic)
 (or just mo-saic(Titanic)) 
 []

[56]
File: ps/bwplot.ps Graphic file (type eps)
 <ps/bwplot.ps>
File: ps/histograms-lattice.ps Graphic file (type eps)
 <ps/histograms-lattice.ps>
File: ps/xyplot.ps Graphic file (type eps)
 <ps/xyplot.ps>
File: ps/coplot.ps Graphic file (type eps)
 <ps/coplot.ps>
[57] [58] [59]
Overfull \hbox (1.74pt too wide) in paragraph at lines 2110--2111
[][]\T1/txr/m/n/10.95 Find the or-der statis-tics and store them in a vec-tor \
T1/txtt/m/n/10.95 x\T1/txr/m/n/10.95 . \T1/txr/m/it/10.95 Hint: \T1/txtt/m/n/10
.95 x <- sort(reduction) 
 []

[60] [61] [62]
Chapter 4.
File: ps/diagram.ps Graphic file (type eps)
<ps/diagram.ps> [63


] [64]
LaTeX Font Info:    Font shape `OT1/txss/m/n' will be
(Font)              scaled to size 8.54997pt on input line 2211.
LaTeX Font Info:    Font shape `T1/txss/m/n' will be
(Font)              scaled to size 8.54997pt on input line 2211.
 [65] [66] [67] [68] [69] [70] [71] [72]

LaTeX Warning: Command \textbackslash invalid in math mode on input line 2613.

[73] [74] [75] [76] [77] [78] [79] [80] [81] [82] [83] [84] [85] [86]

Package amsmath Warning: Foreign command \atopwithdelims;
(amsmath)                \frac or \genfrac should be used instead
(amsmath)                 on input line 3192.

[87] [88] [89] [90]
File: ps/birthday.ps Graphic file (type eps)
 <ps/birthday.ps>
LaTeX Font Info:    Font shape `OT1/txss/m/n' will be
(Font)              scaled to size 9.49997pt on input line 3354.
LaTeX Font Info:    Font shape `OT1/txss/m/n' will be
(Font)              scaled to size 6.64998pt on input line 3354.


LaTeX Warning: Reference `fig:The-Birthday-Problem' on page 91 undefined on inp
ut line 3360.

[91]
Overfull \hbox (14.88165pt too wide) in paragraph at lines 3406--3407
\T1/txr/m/n/10.95 tion [][][]4.5[][][][] that $\OT1/txr/m/n/10.95 #(\OML/txmi/m
/it/10.95 S\OT1/txr/m/n/10.95 ) = 6[] = 36$\T1/txr/m/n/10.95 . Let $\OML/txmi/m
/it/10.95 A \OT1/txr/m/n/10.95 = \OMS/txsy/m/n/10.95 f[]g$ \T1/txr/m/n/10.95 an
d $\OML/txmi/m/it/10.95 B \OT1/txr/m/n/10.95 = \OMS/txsy/m/n/10.95 f[]g$\T1/txr
/m/n/10.95 .
 []

[92]
LaTeX Font Info:    Font shape `OT1/txss/m/n' will be
(Font)              scaled to size 13.67995pt on input line 3419.
LaTeX Font Info:    Font shape `OT1/txss/m/n' will be
(Font)              scaled to size 19.70294pt on input line 3421.
LaTeX Font Info:    Font shape `OT1/txss/m/n' will be
(Font)              scaled to size 11.39996pt on input line 3421.
 [93] [94] [95]
Overfull \hbox (7.8616pt too wide) in paragraph at lines 3579--3580
\T1/txr/m/n/10.95 green. Se-lect 3 balls suc-ces-sively from the urn. Let $\OML
/txmi/m/it/10.95 A \OT1/txr/m/n/10.95 = \OMS/txsy/m/n/10.95 f\OT1/txr/m/n/10.95
 1[][]\OMS/txsy/m/n/10.95 g$\T1/txr/m/n/10.95 , $\OML/txmi/m/it/10.95 B \OT1/tx
r/m/n/10.95 = \OMS/txsy/m/n/10.95 f\OT1/txr/m/n/10.95 2[][]\OMS/txsy/m/n/10.95 
g$\T1/txr/m/n/10.95 ,
 []

[96] [97]
Underfull \vbox (badness 1286) has occurred while \output is active []

 [98]
[99] [100] [101] [102] [103] [104] [105] [106] [107] [108] [109] [110] [111]
[112


]
Chapter 5.

Overfull \hbox (2.05772pt too wide) in paragraph at lines 4218--4219
[][]\T1/txr/m/n/10.95 item the no-tion of math-e-mat-i-cal ex-pec-ta-tion, how 
to cal-cu-late it, and ba-sic properties-
 []

[113] [114] [115] [116] [117] [118] [119] [120]
File: ps/binom-cdf-base.ps Graphic file (type eps)
 <ps/binom-cdf-base.ps> [121]
[122]
File: ps/binom-plot-distr.ps Graphic file (type eps)
 <ps/binom-plot-distr.ps>
LaTeX Font Info:    Font shape `T1/txss/m/n' will be
(Font)              scaled to size 9.49997pt on input line 4623.
 [123] [124] [125] [126] [127] [128]
File: ps/empirical-CDF.ps Graphic file (type eps)

<ps/empirical-CDF.ps>
Overfull \hbox (0.16678pt too wide) in paragraph at lines 4932--4933
[][]\T1/txr/m/n/10.95 To sim-u-late from the em-pir-i-cal dis-tri-bu-tion sup-p
orted on the vec-tor \T1/txtt/m/n/10.95 x\T1/txr/m/n/10.95 , we use the \T1/txt
t/m/n/10.95 sample[]
 []

[129] [130]
Overfull \hbox (8.05862pt too wide) in paragraph at lines 4978--4979
[][]\T1/txr/m/n/10.95 The as-so-ci-ated \T1/txss/m/n/10.95 R \T1/txr/m/n/10.95 
func-tions for the PMF and CDF are \T1/txtt/m/n/10.95 dhyper(x, m, n, k) \T1/tx
r/m/n/10.95 and \T1/txtt/m/n/10.95 phyper\T1/txr/m/n/10.95 ,
 []

[131] [132] [133] [134]
Overfull \hbox (17.9937pt too wide) in paragraph at lines 5143--5144
[][]\T1/txr/m/it/10.95 Solution\T1/txr/m/n/10.95 : If $\OML/txmi/m/it/10.95 X \
OT1/txr/m/n/10.95 =$ \T1/txr/m/n/10.95 the num-ber of missed goals un-til Jeff'
s first suc-cess, then $\OML/txmi/m/it/10.95 X \OMS/txsy/m/n/10.95 ^^X []\OT1/t
xr/m/n/10.95 ([] =
 []

[135] [136] [137] [138] [139] [140]
File: ps/binomdxca.ps Graphic file (type eps)
 <ps/binomdxca.ps>
File: ps/binompxca.ps Graphic file (type eps)
 <ps/binompxca.ps>
[141]
Overfull \hbox (48.13489pt too wide) in paragraph at lines 5460--5460
 [][]     \T1/txtt/m/n/10.95 diff(pbinom(c(19,15), size = 31, prob = 0.447, low
er.tail = FALSE))[] 
 []

[142] [143] [144]
Chapter 6.
[145


] [146] [147] [148]
Underfull \vbox (badness 1728) has occurred while \output is active []

 [149]
[150] [151] [152] [153] [154]
Overfull \hbox (12.65643pt too wide) in paragraph at lines 5975--5976
[][][][]\T1/txr/bx/n/10.95 Example 6.18. [][]\T1/txr/m/n/10.95 Back to Ex-am-pl
e [][][]6.14[][][][], we are look-ing for $\OML/txmi/m/it/10.95 Q[]\OT1/txr/m/n
/10.95 (0\OML/txmi/m/it/10.95 :\OT1/txr/m/n/10.95 99)$\T1/txr/m/n/10.95 , where
 $\OML/txmi/m/it/10.95 X \OMS/txsy/m/n/10.95 ^^X []\OT1/txr/m/n/10.95 ([] =
 []

[155] [156] [157] [158] [159] [160] [161]
Overfull \hbox (5.49152pt too wide) in paragraph at lines 6284--6286
\T1/txr/m/n/10.95 is said to have a \T1/txr/m/it/10.95 chi-square dis-tri-bu-ti
on \T1/txr/m/n/10.95 with $[]\OML/txmi/m/it/10.95 p$ \T1/txr/m/it/10.95 de-gree
s of free-dom\T1/txr/m/n/10.95 . We write $\OML/txmi/m/it/10.95 X \OMS/txsy/m/n
/10.95 ^^X []\OT1/txr/m/n/10.95 ([] =
 []

[162]
File: ps/chisq-dist-vary-df.ps Graphic file (type eps)
 <ps/chisq-dist-vary-df.ps> [163] [164] [165]
Overfull \hbox (2.01909pt too wide) in paragraph at lines 6402--6404
\T1/txr/m/n/10.95 We write $[]\OML/txmi/m/it/10.95 X \OMS/txsy/m/n/10.95 ^^X []
\OT1/txr/m/n/10.95 ([] = \OML/txmi/m/it/10.95 ;  [] \OT1/txr/m/n/10.95 = \OML/
txmi/m/it/10.95 ^^L\OT1/txr/m/n/10.95 )$\T1/txr/m/n/10.95 . The as-so-ci-ated \
T1/txss/m/n/10.95 R \T1/txr/m/n/10.95 func-tion is \T1/txtt/m/n/10.95 dweibull(
x,
 []


Overfull \hbox (0.90541pt too wide) in paragraph at lines 6411--6412
[][][][]\T1/txr/bx/n/10.95 Example 6.33. [][]\T1/txr/m/n/10.95 Cal-cu-late the 
first four raw mo-ments for $\OML/txmi/m/it/10.95 X \OMS/txsy/m/n/10.95 ^^X []\
OT1/txr/m/n/10.95 ([] = 13\OML/txmi/m/it/10.95 ;  [] \OT1/txr/m/n/10.95 =
 []


Overfull \hbox (129.98576pt too wide) in paragraph at lines 6430--6430
[][]\T1/txtt/m/n/10.95 plot(function(x){mgfgamma(x, shape = 13, rate = 1)}, fro
m=-0.1, to=0.1, ylab = "gamma mgf")[] 
 []

File: ps/gamma-mgf.ps Graphic file (type eps)
<ps/gamma-mgf.ps> [166] [167] [168]
Chapter 7.
[169


] [170]
Overfull \hbox (3.42848pt too wide) in paragraph at lines 6603--6605
\T1/txr/m/n/10.95 We see that the sup-port of $[]\OML/txmi/m/it/10.95 U$ \T1/tx
r/m/n/10.95 is $\OML/txmi/m/it/10.95 S[] \OT1/txr/m/n/10.95 = \OMS/txsy/m/n/10.
95 f\OT1/txr/m/n/10.95 1\OML/txmi/m/it/10.95 ; \OT1/txr/m/n/10.95 2\OML/txmi/m/
it/10.95 ; [] ; \OT1/txr/m/n/10.95 6\OMS/txsy/m/n/10.95 g$ \T1/txr/m/n/10.95 an
d the sup-port of $\OML/txmi/m/it/10.95 V$ \T1/txr/m/n/10.95 is $\OML/txmi/m/it
/10.95 S[] \OT1/txr/m/n/10.95 = \OMS/txsy/m/n/10.95 f\OT1/txr/m/n/10.95 2\OML/t
xmi/m/it/10.95 ; \OT1/txr/m/n/10.95 3\OML/txmi/m/it/10.95 ; [] ; \OT1/txr/m/n/1
0.95 12\OMS/txsy/m/n/10.95 g$\T1/txr/m/n/10.95 .
 []

[171]
Overfull \hbox (21.08087pt too wide) in paragraph at lines 6666--6680
 [][][] 
 []


Overfull \hbox (0.53548pt too wide) in paragraph at lines 6685--6686
[][]\T1/txr/m/n/10.95 The joint sup-port of $\OT1/txr/m/n/10.95 (\OML/txmi/m/it
/10.95 U; V\OT1/txr/m/n/10.95 )$ \T1/txr/m/n/10.95 is con-cen-trated along the 
main di-ag-o-nal; note that the nonzero
 []

[172] [173] [174] [175] [176] [177] [178] [179] [180] [181] [182]
Overfull \hbox (1.0617pt too wide) in paragraph at lines 7139--7140
[][][][]\T1/txr/bx/n/10.95 Example 7.18. [][]\T1/txr/m/n/10.95 Let $\OML/txmi/m
/it/10.95 X \OMS/txsy/m/n/10.95 ^^X []\OT1/txr/m/n/10.95 ([] = \OML/txmi/m/it/1
0.95 n[];  [] \OT1/txr/m/n/10.95 = \OML/txmi/m/it/10.95 p\OT1/txr/m/n/10.95 )$ 
\T1/txr/m/n/10.95 and $\OML/txmi/m/it/10.95 Y \OMS/txsy/m/n/10.95 ^^X []\OT1/tx
r/m/n/10.95 ([] = \OML/txmi/m/it/10.95 n[];  [] \OT1/txr/m/n/10.95 =
 []


Overfull \hbox (0.8355pt too wide) detected at line 7150
\OML/txmi/m/it/10.95 M[]\OT1/txr/m/n/10.95 (\OML/txmi/m/it/10.95 t\OT1/txr/m/n/
10.95 ) \OML/txmi/m/it/10.95 M[]\OT1/txr/m/n/10.95 (\OML/txmi/m/it/10.95 t\OT1/
txr/m/n/10.95 ) = [] [] [] [] = [] [] \OML/txmi/m/it/10.95 ;
 []

[183] [184] [185]
Overfull \hbox (3.51363pt too wide) in paragraph at lines 7294--7294
[][] \T1/txtt/m/n/10.95 curve3d(f(x,y), from = c(-3,-3), to = c(3,3), theta = -
30, phi = 30)[] 
 []

[186]
Overfull \hbox (9.26236pt too wide) in paragraph at lines 7302--7302
[][]\T1/txtt/m/n/10.95 f <- function(x,y) dmvnorm(cbind(x,y), mean = c(0,0), si
gma = diag(2))[] 
 []


Overfull \hbox (9.26236pt too wide) in paragraph at lines 7313--7313
[][]\T1/txtt/m/n/10.95 f <- function(x,y) dmvnorm(cbind(x,y), mean = c(0,0), si
gma = diag(2))[] 
 []

File: ps/mvnorm-pdf.ps Graphic file (type eps)
<ps/mvnorm-pdf.ps> [187] [188] [189] [190] [191] [192] [193] [194]
File: ps/multinom-pmf2.ps Graphic file (type eps)

<ps/multinom-pmf2.ps> [195] [196]
Chapter 8.
[197


] [198] [199] [200]
File: ps/Student's-t-dist-vary-df.ps Graphic file (type eps)
 <ps/Student's-t-dist-vary-df.ps> [201] [202]
Overfull \hbox (23.36859pt too wide) in paragraph at lines 7896--7897
[] \T1/txss/bx/n/10.95 How to do it with R[] []\T1/txr/m/n/10.95 The \T1/txtt/m
/n/10.95 TeachingDemos \T1/txr/m/n/10.95 pack-age [[]][] has \T1/txtt/m/n/10.95
 clt.examp \T1/txr/m/n/10.95 and the \T1/txtt/m/n/10.95 distrTeach
 []

[203]
Overfull \hbox (10.5642pt too wide) in paragraph at lines 7926--7928
\T1/txr/m/it/10.95 has a $[][]\OT1/txr/m/n/10.95 ([] = 0\OML/txmi/m/it/10.95 ; 
 [] \OT1/txr/m/n/10.95 = 1)$ \T1/txr/m/it/10.95 sam-pling dis-tri-bu-tion. Equi
v-a-lently, $[] \OMS/txsy/m/n/10.95 ^^@ []$ \T1/txr/m/it/10.95 has a $[]\OT1/tx
r/m/n/10.95 ([] =
 []

[204] [205] [206]
File: ps/simulated-IQR.ps Graphic file (type eps)
 <ps/simulated-IQR.ps> [207]
File: ps/simulated-MAD.ps Graphic file (type eps)
 <ps/simulated-MAD.ps> [208]
[209] [210


]
Chapter 9.
[211]
File: ps/capture-recapture.ps Graphic file (type eps)
 <ps/capture-recapture.ps> [212] [213]
File: ps/fishing-part-two.ps Graphic file (type eps)
 <ps/fishing-part-two.ps> [214]
File: ps/species-mle.ps Graphic file (type eps)

<ps/species-mle.ps> [215] [216] [217] [218]
Overfull \hbox (3.25426pt too wide) in paragraph at lines 8426--8427
[][][][]\T1/txr/bx/n/10.95 Example 9.9. [][]Plant Growth. \T1/txr/m/n/10.95 We 
will in-ves-ti-gate the \T1/txtt/m/n/10.95 weight \T1/txr/m/n/10.95 vari-able o
f the \T1/txtt/m/n/10.95 PlantGrowth
 []

[219] [220] [221]

LaTeX Warning: Reference `fig:ci-examp' on page 222 undefined on input line 853
0.

File: ps/carscatter.ps Graphic file (type eps)
<ps/carscatter.ps> [222] [223] [224]
Overfull \hbox (10.61816pt too wide) in paragraph at lines 8695--8696
[][][][]\T1/txr/bx/n/10.95 Example 9.18. [][]\T1/txr/m/n/10.95 Small sam-ple, s
ome data with $\OML/txmi/m/it/10.95 X[]$\T1/txr/m/n/10.95 , $\OML/txmi/m/it/10.
95 X[]$\T1/txr/m/n/10.95 , ..., $\OML/txmi/m/it/10.95 X[]$ \T1/txr/m/n/10.95 an
 $\OML/txmi/m/it/10.95 SRS\OT1/txr/m/n/10.95 (\OML/txmi/m/it/10.95 n\OT1/txr/m/
n/10.95 )$ \T1/txr/m/n/10.95 from a $[]\OT1/txr/m/n/10.95 ([] =
 []

[225]

LaTeX Warning: Reference `fig:plant-z-int-plot' on page 226 undefined on input 
line 8725.

[226] [227] [228] [229] [230] [231] [232]
Overfull \hbox (53.86346pt too wide) in paragraph at lines 9010--9011
[] \T1/txss/bx/n/10.95 How to do it with R[] []\T1/txr/m/n/10.95 I am think-ing
 about \T1/txtt/m/n/10.95 power.t.test\T1/txr/m/n/10.95 , \T1/txtt/m/n/10.95 po
wer.prop.test\T1/txr/m/n/10.95 , \T1/txtt/m/n/10.95 power.anova.test\T1/txr/m/n
/10.95 ,
 []

[233] [234] [235] [236


]
Chapter 10.
[237] [238] [239] [240] [241] [242] [243] [244] [245] [246] [247] [248]
[249]
File: ps/Between-versus-within.ps Graphic file (type eps)
 <ps/Between-versus-within.ps>
File: ps/Some-F-plots-HH.ps Graphic file (type eps)
 <ps/Some-F-plots-HH.ps> [250] [251]
File: ps/power-examp.ps Graphic file (type eps)

<ps/power-examp.ps>
Underfull \hbox (badness 10000) in paragraph at lines 9738--9738
[][][]|\T1/txr/m/n/10 This graph was gen-er-ated by the \T1/txtt/m/n/10 power.e
xamp \T1/txr/m/n/10 func-tion from the
 []


Underfull \hbox (badness 2837) in paragraph at lines 9738--9738
\T1/txtt/m/n/10 TeachingDemos \T1/txr/m/n/10 pack-age. The plot cor-re-sponds t
o the hy-poth-e-sis test
 []

[252] [253] [254]
Chapter 11.
[255


]
File: ps/philosophy.ps Graphic file (type eps)
 <ps/philosophy.ps> [256] [257]
File: ps/carscatter.ps Graphic file (type eps)
 <ps/carscatter.ps> [258] [259] [260]
File: ps/carline.ps Graphic file (type eps)

<ps/carline.ps> [261] [262] [263] [264] [265] [266] [267] [268]
File: ps/carscipi.ps Graphic file (type eps)

<ps/carscipi.ps> [269] [270] [271] [272] [273]
LaTeX Font Info:    Font shape `T1/txss/bx/it' in size <12> not available
(Font)              Font shape `T1/txss/bx/sl' tried instead on input line 1050
1.
LaTeX Font Info:    Font shape `T1/txss/bx/sl' will be
(Font)              scaled to size 11.39996pt on input line 10501.
 [274] [275]
File: ps/Normal-q-q-plot-cars.ps Graphic file (type eps)

<ps/Normal-q-q-plot-cars.ps> [276] [277]
File: ps/std-resids-fitted-cars.ps Graphic file (type eps)
 <ps/std-resids-fitted-cars.ps>
[278] [279]
File: ps/resids-fitted-cars.ps Graphic file (type eps)
 <ps/resids-fitted-cars.ps> [280] [281] [282] [283] [284] [285]
[286]
File: ps/Cooks-distance-cars.ps Graphic file (type eps)
 <ps/Cooks-distance-cars.ps> [287]
File: ps/Diagnostic-plots-cars.ps Graphic file (type eps)
 <ps/Diagnostic-plots-cars.ps> [288]
[289] [290]
Chapter 12.
[291


]
Overfull \hbox (12.73279pt too wide) in paragraph at lines 11140--11141
[][]\T1/txr/m/n/10.95 The as-sump-tion on $\U/eur/m/n/10.95 ^^O$ \T1/txr/m/n/10
.95 is equiv-a-lent to the as-sump-tion that $\OML/txmi/m/it/10.95 ^^O[]$\T1/tx
r/m/n/10.95 , $\OML/txmi/m/it/10.95 ^^O[]$\T1/txr/m/n/10.95 , ..., $\OML/txmi/m
/it/10.95 ^^O[]$ \T1/txr/m/n/10.95 are IID $[]\OT1/txr/m/n/10.95 ([] =
 []

[292]
File: ps/splom-trees.ps Graphic file (type eps)
 <ps/splom-trees.ps> [293]
File: ps/3D-scatterplot-trees.ps Graphic file (type eps)
 <ps/3D-scatterplot-trees.ps> [294]
Overfull \hbox (29.85422pt too wide) in paragraph at lines 11249--11250
[][]\T1/txr/m/n/10.95 To \T1/txr/m/it/10.95 max-i-mize \T1/txr/m/n/10.95 the li
ke-li-hood[] in $\U/eur/m/n/10.95 ^^L$\T1/txr/m/n/10.95 , we need to \T1/txr/m/
it/10.95 min-i-mize \T1/txr/m/n/10.95 the quan-tity $\OML/txmi/m/it/10.95 g\OT1
/txr/m/n/10.95 (\U/eur/m/n/10.95 ^^L\OT1/txr/m/n/10.95 ) = [][] []$\T1/txr/m/n/
10.95 .
 []

[295] [296] [297]
Overfull \hbox (3.51363pt too wide) in paragraph at lines 11397--11397
[][]\T1/txtt/m/n/10.95 new <- data.frame(Girth = c(9.1, 11.6, 12.5), Height = c
(69, 74, 87)) 
 []

[298] [299]
Overfull \hbox (3.29837pt too wide) in paragraph at lines 11485--11486
[][]\T1/txr/m/n/10.95 The \T1/txtt/m/n/10.95 summary \T1/txr/m/n/10.95 func-tio
n out-put (shown later) lists the \T1/txtt/m/n/10.95 Residual Standard Error \T
1/txr/m/n/10.95 which
 []

[300] [301]
Overfull \hbox (3.51363pt too wide) in paragraph at lines 11582--11582
[][]\T1/txtt/m/n/10.95 new <- data.frame(Girth = c(9.1, 11.6, 12.5), Height = c
(69, 74, 87))[] 
 []

[302] [303] [304] [305] [306]
File: ps/Scatterplot-Volume-Girth-trees.ps Graphic file (type eps)
 <ps/Scatterplot-Volume-Girth-trees.ps> [307]
[308]
Overfull \hbox (1.57588pt too wide) in paragraph at lines 11831--11832
[][]\T1/txr/m/n/10.95 One way would be to square the val-ues for \T1/txtt/m/n/1
0.95 Girth \T1/txr/m/n/10.95 and save them in a vec-tor \T1/txtt/m/n/10.95 Girt
hsq\T1/txr/m/n/10.95 .
 []


Overfull \hbox (147.23196pt too wide) in paragraph at lines 11851--11851
[][]\T1/txtt/m/n/10.95 treesquad.lm <- lm(Volume ~ scale(Girth) + I(scale(Girth
)^2),                    data = trees)[] 
 []


Overfull \hbox (3.51363pt too wide) in paragraph at lines 11861--11861
[][]\T1/txtt/m/n/10.95 lm(formula = Volume ~ scale(Girth) + I(scale(Girth)^2), 
data = trees)[] 
 []

[309]
Overfull \hbox (3.51363pt too wide) in paragraph at lines 11885--11885
[][]\T1/txtt/m/n/10.95 a + stat_smooth(method = lm, formula = y ~ poly(x, 2)) +
 geom_point()[] 
 []

File: ps/Fitting-the-Quadratic.ps Graphic file (type eps)
<ps/Fitting-the-Quadratic.ps> [310]
Overfull \hbox (3.88972pt too wide) in paragraph at lines 11934--11935
[][]\T1/txr/m/n/10.95 Now noth-ing is sig-nif-i-cant in the model ex-cept \T1/t
xtt/m/n/10.95 Girth^2\T1/txr/m/n/10.95 . We could delete the \T1/txtt/m/n/10.95
 Intercept
 []

[311] [312]
Overfull \hbox (15.0111pt too wide) in paragraph at lines 11990--11990
[][]\T1/txtt/m/n/10.95 treesint.lm <- lm(Volume ~ Girth + Height + Girth:Height
, data = trees)[] 
 []

[313]
Overfull \hbox (3.51363pt too wide) in paragraph at lines 12037--12037
[][]\T1/txtt/m/n/10.95 new <- data.frame(Girth = c(9.1, 11.6, 12.5), Height = c
(69, 74, 87)) 
 []

[314] [315] [316]
File: ps/dummy-variable-trees.ps Graphic file (type eps)
 <ps/dummy-variable-trees.ps>
Overfull \hbox (17.66489pt too wide) in paragraph at lines 12194--12195
[][]\T1/txr/m/n/10.95 There are other -- shorter -- ways to plot re-gres-sion l
ines by groups, namely the \T1/txtt/m/n/10.95 scatterplot
 []

LaTeX Font Info:    Font shape `T1/txss/bx/it' in size <14.4> not available
(Font)              Font shape `T1/txss/bx/sl' tried instead on input line 1219
5.
LaTeX Font Info:    Font shape `T1/txss/bx/sl' will be
(Font)              scaled to size 13.67995pt on input line 12195.
[317] [318] [319]
Overfull \hbox (3.51363pt too wide) in paragraph at lines 12281--12281
[][]\T1/txtt/m/n/10.95 treesreduced.lm <- lm(Volume ~ -1 + Girth + I(Girth^2), 
data = trees)[] 
 []

[320]
Overfull \hbox (3.15833pt too wide) in paragraph at lines 12333--12334
[][]\T1/txr/m/n/10.95 unchanged from SLR, but we are now
 []

[321] [322] [323]
Overfull \hbox (3.51363pt too wide) in paragraph at lines 12428--12428
[][]\T1/txtt/m/n/10.95 new <- data.frame(Girth = c(9.1, 11.6, 12.5), Height = c
(69, 74, 87))[] 
 []

[324] [325]
Overfull \hbox (8.85022pt too wide) in paragraph at lines 12500--12501
[][]\T1/txr/m/n/10.95 We de-cided to omit a thor-ough dis-cus-sion of mul-ti-co
llinear-ity be-cause we are not equipped
 []

[326] [327] [328


]
Chapter 13.
LaTeX Font Info:    Font shape `T1/txss/m/it' in size <10.95> not available
(Font)              Font shape `T1/txss/m/sl' tried instead on input line 12539
.
LaTeX Font Info:    Font shape `T1/txss/m/sl' will be
(Font)              scaled to size 10.40245pt on input line 12539.
[329] [330]
File: ps/Bootstrap-se-mean.ps Graphic file (type eps)
 <ps/Bootstrap-se-mean.ps> [331]
Overfull \hbox (15.0111pt too wide) in paragraph at lines 12670--12670
[][]\T1/txtt/m/n/10.95 resamps <- replicate(1000, sample(rivers, 141, TRUE), si
mplify = FALSE)[] 
 []

[332]
File: ps/Bootstrapping-se-median.ps Graphic file (type eps)
 <ps/Bootstrapping-se-median.ps> [333] [334]
Overfull \hbox (32.2573pt too wide) in paragraph at lines 12807--12807
[][]\T1/txtt/m/n/10.95 btsamps <- replicate(2000, sample(stack.loss, 21, TRUE),
 simplify = FALSE)[] 
 []

[335] [336] [337] [338] [339] [340] [341] [342] [343] [344


]
Chapter 14.
[345] [346


]
Chapter 15.
[347] [348


]
Chapter 16.
[349] [350


]
Appendix A.
[351] [352]
Appendix B.
[353


]
Overfull \hbox (5.48795pt too wide) in paragraph at lines 13149--13150
[][]\T1/txr/m/n/10.95 Examples of suit-able for-mats for Trans-par-ent copies i
n-clude plain ASCII with-out markup,
 []

[354] [355] [356]
Underfull \vbox (badness 2990) has occurred while \output is active []

 [357]
[358]
Underfull \vbox (badness 1062) has occurred while \output is active []

 [359]
Underfull \vbox (badness 10000) has occurred while \output is active []

 [360]
[361] [362


]
Appendix C.
[363] [364


]
Appendix D.
[365] [366] [367] [368] [369]
Overfull \hbox (9.32828pt too wide) in paragraph at lines 13623--13624
[][]\T1/txr/m/n/10.95 if you want to store it as a ta-ble then do \T1/txtt/m/n/
10.95 A <- xtabs(count ~ poured + guessed,
 []

[370]
Overfull \hbox (14.44554pt too wide) in paragraph at lines 13644--13645
[][]\T1/txr/m/n/10.95 To load the data set \T1/txtt/m/n/10.95 foo \T1/txr/m/n/1
0.95 in the con-tributed pack-age \T1/txtt/m/n/10.95 bar \T1/txr/m/n/10.95 is-s
ue the com-mands \T1/txtt/m/n/10.95 library(bar)
 []

[371] [372] [373] [374]
Appendix E.

LaTeX Warning: Command \textbackslash invalid in math mode on input line 13802.


[375


] [376] [377] [378] [379] [380] [381] [382] [383] [384] [385] [386]
Appendix F.
[387


]
LaTeX Font Info:    Font shape `T1/txss/bx/n' will be
(Font)              scaled to size 7.59998pt on input line 14320.
LaTeX Font Info:    Font shape `T1/txss/bx/n' will be
(Font)              scaled to size 5.69998pt on input line 14320.
 [388]
Overfull \hbox (15.73422pt too wide) in paragraph at lines 14342--14343
[]\T1/txr/m/n/10.95 OpenOffice.org (OO.o) is an open source desk-top pro-duc-ti
v-ity suite which mir-rors Microsoft$[]$
 []

[389]
Missing character: There is no ^^W in font t1xtt!
Missing character: There is no ^^W in font t1xtt!
Missing character: There is no ^^W in font t1xtt!
Missing character: There is no ^^W in font t1xtt!
Missing character: There is no ^^W in font t1xtt!
Missing character: There is no ^^W in font t1xtt!
Missing character: There is no ^^W in font t1xtt!
Missing character: There is no ^^W in font t1xtt!
 [390]
Overfull \hbox (0.4498pt too wide) in paragraph at lines 14394--14396
[][]\T1/txr/m/n/10.95 Program List-ings and the \T1/txss/m/n/10.95 R \T1/txr/m/
n/10.95 lan-guage [][][]http://gregor.gorjanc.googlepages.com/lyx-sweave[][][][
] 
 []

[391] [392]
Appendix G.
[393


]
Overfull \hbox (8.42842pt too wide) in paragraph at lines 14463--14464
\T1/txr/m/n/10.95 rent \T1/txss/m/n/10.95 R \T1/txr/m/n/10.95 dis-tri-bu-tion w
hich at the time of this writ-ing is  \T1/txtt/m/n/10.95 R version 2.13.1 (2011
-07-08)
 []


Overfull \hbox (241.24147pt too wide) in paragraph at lines 14473--14474
[][]\T1/txr/m/n/10.95 The dis-tri-bu-tion used by the present au-thor was T[]X 
Live ([][][]$\T1/txtt/m/n/10.95 [[http : / / www . tug . org / texlive / ][http
 : / / www . tug . org / texlive / ]]$[][][][]\T1/txr/m/n/10.95 ).
 []


Overfull \hbox (289.02344pt too wide) in paragraph at lines 14474--14475
\T1/txr/m/n/10.95 See the Sweave Home-page ([][][]$\T1/txtt/m/n/10.95 [[http : 
/ / www . statistik . lmu . de / ~leisch / Sweave / ][http : / / www . statisti
k . lmu . de / ~leisch / Sweave / ]]$[][][][]\T1/txr/m/n/10.95 )
 []

[394] [395] [396]
Appendix H.

Overfull \hbox (0.28369pt too wide) in paragraph at lines 14523--14524
\T1/txr/m/n/10.95 au-thor and up-dated to re-spond dy-nam-i-cally to the ran-do
m gen-er-a-tion of \T1/txtt/m/n/10.95 RcmdrTestDrive\T1/txr/m/n/10.95 ;
 []

[397


]
Overfull \hbox (13.6245pt too wide) in paragraph at lines 14552--14553
[][]\T1/txr/m/n/10.95 Once our two heroes re-turned to the beau-ti-ful Acme-Loo
ney Uni-ver-sity, and once Dr.^^CFudd-
 []

[398] [399] [400] [401] [402


]
:<+ IPSUR.bbl
(./IPSUR.bbl (./IPSUR.brf)
\tf@brf=\write9
\openout9 = `IPSUR.brf'.


Underfull \hbox (badness 10000) in paragraph at lines 8--8
[][]\T1/txr/m/n/10.95 Daniel Adler and Dun-can Mur-doch.  \T1/txr/m/it/10.95 rg
l: 3D vi-su-al-iza-tion de-vice
 []


Underfull \hbox (badness 6188) in paragraph at lines 8--8
\T1/txr/m/it/10.95 sys-tem (OpenGL)\T1/txr/m/n/10.95 , 2009.  R pack-age ver-si
on 0.87.  Avail-able from:
 []

[403


]
Underfull \hbox (badness 1122) in paragraph at lines 124--124
[][]\T1/txr/m/n/10.95 Evgenia Dim-i-tri-adou, Kurt Hornik, Friedrich Leisch, Da
vid Meyer, and An-
 []


Underfull \hbox (badness 2856) in paragraph at lines 124--124
\T1/txr/m/n/10.95 dreas Weinges-sel.  \T1/txr/m/it/10.95 e1071: Misc Func-tions
 of the De-part-ment of Statis-
 []

[404]
Underfull \hbox (badness 4608) in paragraph at lines 194--194
[][]\T1/txr/m/n/10.95 Alan Genz, Frank Bretz, Tet-suhisa Miwa, Xue-fei Mi, Frie
drich Leisch,
 []


Underfull \hbox (badness 5359) in paragraph at lines 194--194
\T1/txr/m/n/10.95 Fabian Scheipl, and Torsten Hothorn.  \T1/txr/m/it/10.95 mvt-
norm: Mul-ti-vari-ate Nor-mal
 []


Underfull \hbox (badness 3219) in paragraph at lines 194--194
\T1/txr/m/it/10.95 and t Dis-tri-bu-tions\T1/txr/m/n/10.95 , 2009.  R pack-age 
ver-sion 0.9-8.  Avail-able from:
 []


Underfull \hbox (badness 10000) in paragraph at lines 211--211
[][]\T1/txr/m/n/10.95 Charles M. Grin-stead and J. Lau-rie Snell.  \T1/txr/m/it
/10.95 In-tro-duc-tion to Prob-
 []


Underfull \hbox (badness 10000) in paragraph at lines 211--211
\T1/txr/m/it/10.95 a-bil-ity\T1/txr/m/n/10.95 .  Amer-i-can Math-e-mat-i-cal So
-ci-ety, 1997.  Avail-able from:
 []


Underfull \hbox (badness 6332) in paragraph at lines 217--217
[][]\T1/txr/m/n/10.95 Bettina Grn and Achim Zeileis.  Au-to-matic gen-er-a-tio
n of ex-ams in
 []


Underfull \hbox (badness 2310) in paragraph at lines 217--217
\T1/txr/m/n/10.95 R.  \T1/txr/m/it/10.95 Jour-nal of Sta-tis-ti-cal Soft-ware\T
1/txr/m/n/10.95 , 29(10):1--14, 2009.  Avail-able from:
 []


Underfull \hbox (badness 1895) in paragraph at lines 223--223
\T1/txr/m/it/10.95 Har-rell Mis-cel-la-neous\T1/txr/m/n/10.95 , 2009.  R pack-a
ge ver-sion 3.7-0.  Avail-able from:
 []


Underfull \hbox (badness 10000) in paragraph at lines 230--230
[][]\T1/txr/m/n/10.95 Richard M. Heiberger.  \T1/txr/m/it/10.95 HH: Sta-tis-ti-
cal Anal-y-sis and Data Dis-play:
 []


Overfull \hbox (106.70233pt too wide) in paragraph at lines 246--246
[][][]$\T1/txtt/m/n/10.95 http : / / www . springer . com / statistics / comput
anional + statistics / book / 978-[]1-[]4419-[]0051-[]7$[][][][]\T1/txr/m/n/10.
95 .
 []


Underfull \hbox (badness 10000) in paragraph at lines 246--246

 []

[405]
Underfull \hbox (badness 1460) in paragraph at lines 292--292
[][]\T1/txr/m/n/10.95 Roger W. John-son.  How many fish are in the pond?  Avail
-able from:
 []


Underfull \hbox (badness 10000) in paragraph at lines 298--298
[][]\T1/txr/m/n/10.95 G. Jay Kerns.  \T1/txr/m/it/10.95 prob: El-e-men-tary Pro
b-a-bil-ity on Fi-nite Sam-
 []


Underfull \hbox (badness 10000) in paragraph at lines 298--298
\T1/txr/m/it/10.95 ple Spaces\T1/txr/m/n/10.95 , 2009.  R pack-age ver-sion 0.9
-2.  Avail-able from:
 []

[406]
Underfull \hbox (badness 1406) in paragraph at lines 368--368
[][]\T1/txr/m/n/10.95 John Main-don-ald and W. John Braun.  \T1/txr/m/it/10.95 
DAAG: Data Anal-y-sis And Graph-
 []


Underfull \hbox (badness 1635) in paragraph at lines 368--368
\T1/txr/m/it/10.95 ics data and func-tions\T1/txr/m/n/10.95 , 2009.  R pack-age
 ver-sion 1.01.  Avail-able from:
 []

[407]
Underfull \hbox (badness 4217) in paragraph at lines 424--424
[][]\T1/txr/m/n/10.95 P. Ruck-de-schel, M. Kohl, T. Sta-bla, and F. Cam-phausen
.  S4 classes
 []


Underfull \hbox (badness 7944) in paragraph at lines 424--424
\T1/txr/m/n/10.95 for dis-tri-bu-tions.  \T1/txr/m/it/10.95 R News\T1/txr/m/n/1
0.95 , 6(2):2--6, May 2006.  Avail-able from:
 []


Overfull \hbox (36.40367pt too wide) in paragraph at lines 424--424
[][][]$\T1/txtt/m/n/10.95 http : / / www . uni-[]bayreuth . de / departments / 
math / org / mathe7 / DISTR / distr . pdf$[][][][]\T1/txr/m/n/10.95 .
 []


Underfull \hbox (badness 2512) in paragraph at lines 442--442
[][]\T1/txr/m/n/10.95 Luca Scrucca.  qcc: an r pack-age for qual-ity con-trol c
hart-ing and sta-
 []


Underfull \hbox (badness 5133) in paragraph at lines 442--442
\T1/txr/m/n/10.95 tis-ti-cal pro-cess con-trol.  \T1/txr/m/it/10.95 R News\T1/t
xr/m/n/10.95 , 4/1:11--17, 2004.  Avail-able from:
 []


Underfull \hbox (badness 10000) in paragraph at lines 454--454
[][]\T1/txr/m/n/10.95 Greg Snow.  \T1/txr/m/it/10.95 Teach-ingDe-mos: Demon-str
a-tions for teach-ing and
 []


Underfull \hbox (badness 10000) in paragraph at lines 454--454
\T1/txr/m/it/10.95 learn-ing\T1/txr/m/n/10.95 , 2009.  R pack-age ver-sion 2.5.
  Avail-able from:
 []


Underfull \hbox (badness 1939) in paragraph at lines 482--482
\T1/txr/m/n/10.95 New York, fourth edi-tion, 2002.  ISBN 0-387-95457-0.  Avail-
able from:
 []


Underfull \hbox (badness 10000) in paragraph at lines 494--494
[][]\T1/txr/m/n/10.95 John Verzani.  \T1/txr/m/it/10.95 Us-ingR: Data sets for 
the text "Us-ing R for In-
 []


Underfull \hbox (badness 10000) in paragraph at lines 494--494
\T1/txr/m/it/10.95 tro-duc-tory Statis-tics"\T1/txr/m/n/10.95 .  R pack-age ver
-sion 0.1-12.  Avail-able from:
 []

[408]
Underfull \hbox (badness 10000) in paragraph at lines 512--512
[][]\T1/txr/m/n/10.95 Hadley Wick-ham.  Re-shap-ing data with the re-shape pack
-age.
 []


Underfull \hbox (badness 10000) in paragraph at lines 512--512
\T1/txr/m/it/10.95 Jour-nal of Sta-tis-ti-cal Soft-ware\T1/txr/m/n/10.95 , 21(1
2), 2007.  Avail-able from:
 []


Underfull \hbox (badness 3977) in paragraph at lines 525--525
[][]\T1/txr/m/n/10.95 Graham Williams.  \T1/txr/m/it/10.95 rat-tle: A graph-i-c
al user in-ter-face for data min-ing
 []


Underfull \hbox (badness 3989) in paragraph at lines 525--525
\T1/txr/m/it/10.95 in R us-ing GTK\T1/txr/m/n/10.95 , 2009.  R pack-age ver-sio
n 2.5.12.  Avail-able from:
 []


Underfull \hbox (badness 10000) in paragraph at lines 538--538
[][]\T1/txr/m/n/10.95 Achim Zeileis and Torsten Hothorn.  Di-ag-nos-tic check-i
ng in re-
 []


Underfull \hbox (badness 7722) in paragraph at lines 538--538
\T1/txr/m/n/10.95 gres-sion re-la-tion-ships.  \T1/txr/m/it/10.95 R News\T1/txr
/m/n/10.95 , 2(3):7--10, 2002.  Avail-able from:
 []

)
:<-
[409] [410


] (./IPSUR.ind [411





] [412]) (./IPSUR.aux)

LaTeX Warning: There were undefined references.


LaTeX Warning: There were multiply-defined labels.

 ) 
Here is how much of TeX's memory you used:
 16160 strings out of 493849
 230975 string characters out of 1152847
 409014 words of memory out of 3000000
 19033 multiletter control sequences out of 15000+50000
 130376 words of font info for 219 fonts, out of 3000000 for 9000
 714 hyphenation exceptions out of 8191
 50i,15n,48p,1754b,585s stack positions out of 5000i,500n,10000p,200000b,50000s

Output written on IPSUR.dvi (431 pages, 2150864 bytes).
