\BOOKMARK [1][-]{table.1}{\376\377\000C\000o\000n\000t\000e\000n\000t\000s}{}
\BOOKMARK [0][-]{section*.2}{\376\377\000P\000r\000e\000f\000a\000c\000e\000\040\000t\000o\000\040\000t\000h\000e\000\040\000S\000e\000c\000o\000n\000d\000\040\000E\000d\000i\000t\000i\000o\000n}{}
\BOOKMARK [0][-]{section*.5}{\376\377\000P\000r\000e\000f\000a\000c\000e\000\040\000t\000o\000\040\000t\000h\000e\000\040\000F\000i\000r\000s\000t\000\040\000E\000d\000i\000t\000i\000o\000n}{}
\BOOKMARK [0][-]{section*.14}{\376\377\000L\000i\000s\000t\000\040\000o\000f\000\040\000F\000i\000g\000u\000r\000e\000s}{}
\BOOKMARK [0][-]{section*.15}{\376\377\000L\000i\000s\000t\000\040\000o\000f\000\040\000T\000a\000b\000l\000e\000s}{}
\BOOKMARK [0][-]{chapter.1}{\376\377\0001\000\040\000A\000n\000\040\000I\000n\000t\000r\000o\000d\000u\000c\000t\000i\000o\000n\000\040\000t\000o\000\040\000P\000r\000o\000b\000a\000b\000i\000l\000i\000t\000y\000\040\000a\000n\000d\000\040\000S\000t\000a\000t\000i\000s\000t\000i\000c\000s}{}
\BOOKMARK [1][-]{section.1.1}{\376\377\0001\000.\0001\000\040\000P\000r\000o\000b\000a\000b\000i\000l\000i\000t\000y}{chapter.1}
\BOOKMARK [1][-]{section.1.2}{\376\377\0001\000.\0002\000\040\000S\000t\000a\000t\000i\000s\000t\000i\000c\000s}{chapter.1}
\BOOKMARK [1][-]{section.1.3}{\376\377\0001\000.\0003\000\040\000E\000x\000e\000r\000c\000i\000s\000e\000s}{chapter.1}
\BOOKMARK [0][-]{chapter.2}{\376\377\0002\000\040\000A\000n\000\040\000I\000n\000t\000r\000o\000d\000u\000c\000t\000i\000o\000n\000\040\000t\000o\000\040\000R}{}
\BOOKMARK [1][-]{section.2.1}{\376\377\0002\000.\0001\000\040\000D\000o\000w\000n\000l\000o\000a\000d\000i\000n\000g\000\040\000a\000n\000d\000\040\000I\000n\000s\000t\000a\000l\000l\000i\000n\000g\000\040\000R}{chapter.2}
\BOOKMARK [1][-]{section.2.2}{\376\377\0002\000.\0002\000\040\000C\000o\000m\000m\000u\000n\000i\000c\000a\000t\000i\000n\000g\000\040\000w\000i\000t\000h\000\040\000R}{chapter.2}
\BOOKMARK [1][-]{section.2.3}{\376\377\0002\000.\0003\000\040\000B\000a\000s\000i\000c\000\040\000R\000\040\000O\000p\000e\000r\000a\000t\000i\000o\000n\000s\000\040\000a\000n\000d\000\040\000C\000o\000n\000c\000e\000p\000t\000s}{chapter.2}
\BOOKMARK [1][-]{section.2.4}{\376\377\0002\000.\0004\000\040\000G\000e\000t\000t\000i\000n\000g\000\040\000H\000e\000l\000p}{chapter.2}
\BOOKMARK [1][-]{section.2.5}{\376\377\0002\000.\0005\000\040\000E\000x\000t\000e\000r\000n\000a\000l\000\040\000R\000e\000s\000o\000u\000r\000c\000e\000s}{chapter.2}
\BOOKMARK [1][-]{section.2.6}{\376\377\0002\000.\0006\000\040\000O\000t\000h\000e\000r\000\040\000T\000i\000p\000s}{chapter.2}
\BOOKMARK [1][-]{section.2.7}{\376\377\0002\000.\0007\000\040\000E\000x\000e\000r\000c\000i\000s\000e\000s}{chapter.2}
\BOOKMARK [0][-]{chapter.3}{\376\377\0003\000\040\000D\000a\000t\000a\000\040\000D\000e\000s\000c\000r\000i\000p\000t\000i\000o\000n}{}
\BOOKMARK [1][-]{section.3.1}{\376\377\0003\000.\0001\000\040\000T\000y\000p\000e\000s\000\040\000o\000f\000\040\000D\000a\000t\000a}{chapter.3}
\BOOKMARK [1][-]{section.3.2}{\376\377\0003\000.\0002\000\040\000F\000e\000a\000t\000u\000r\000e\000s\000\040\000o\000f\000\040\000D\000a\000t\000a\000\040\000D\000i\000s\000t\000r\000i\000b\000u\000t\000i\000o\000n\000s}{chapter.3}
\BOOKMARK [1][-]{section.3.3}{\376\377\0003\000.\0003\000\040\000D\000e\000s\000c\000r\000i\000p\000t\000i\000v\000e\000\040\000S\000t\000a\000t\000i\000s\000t\000i\000c\000s}{chapter.3}
\BOOKMARK [1][-]{section.3.4}{\376\377\0003\000.\0004\000\040\000E\000x\000p\000l\000o\000r\000a\000t\000o\000r\000y\000\040\000D\000a\000t\000a\000\040\000A\000n\000a\000l\000y\000s\000i\000s}{chapter.3}
\BOOKMARK [1][-]{section.3.5}{\376\377\0003\000.\0005\000\040\000M\000u\000l\000t\000i\000v\000a\000r\000i\000a\000t\000e\000\040\000D\000a\000t\000a\000\040\000a\000n\000d\000\040\000D\000a\000t\000a\000\040\000F\000r\000a\000m\000e\000s}{chapter.3}
\BOOKMARK [1][-]{section.3.6}{\376\377\0003\000.\0006\000\040\000C\000o\000m\000p\000a\000r\000i\000n\000g\000\040\000P\000o\000p\000u\000l\000a\000t\000i\000o\000n\000s}{chapter.3}
\BOOKMARK [1][-]{section.3.7}{\376\377\0003\000.\0007\000\040\000S\000o\000m\000e\000\040\000R\000e\000m\000a\000r\000k\000s\000\040\000a\000b\000o\000u\000t\000\040\000P\000l\000o\000t\000t\000i\000n\000g}{chapter.3}
\BOOKMARK [1][-]{section.3.8}{\376\377\0003\000.\0008\000\040\000E\000x\000e\000r\000c\000i\000s\000e\000s}{chapter.3}
\BOOKMARK [0][-]{chapter.4}{\376\377\0004\000\040\000P\000r\000o\000b\000a\000b\000i\000l\000i\000t\000y}{}
\BOOKMARK [1][-]{section.4.1}{\376\377\0004\000.\0001\000\040\000S\000a\000m\000p\000l\000e\000\040\000S\000p\000a\000c\000e\000s}{chapter.4}
\BOOKMARK [1][-]{section.4.2}{\376\377\0004\000.\0002\000\040\000E\000v\000e\000n\000t\000s}{chapter.4}
\BOOKMARK [1][-]{section.4.3}{\376\377\0004\000.\0003\000\040\000M\000o\000d\000e\000l\000\040\000A\000s\000s\000i\000g\000n\000m\000e\000n\000t}{chapter.4}
\BOOKMARK [1][-]{section.4.4}{\376\377\0004\000.\0004\000\040\000P\000r\000o\000p\000e\000r\000t\000i\000e\000s\000\040\000o\000f\000\040\000P\000r\000o\000b\000a\000b\000i\000l\000i\000t\000y}{chapter.4}
\BOOKMARK [1][-]{section.4.5}{\376\377\0004\000.\0005\000\040\000C\000o\000u\000n\000t\000i\000n\000g\000\040\000M\000e\000t\000h\000o\000d\000s}{chapter.4}
\BOOKMARK [1][-]{section.4.6}{\376\377\0004\000.\0006\000\040\000C\000o\000n\000d\000i\000t\000i\000o\000n\000a\000l\000\040\000P\000r\000o\000b\000a\000b\000i\000l\000i\000t\000y}{chapter.4}
\BOOKMARK [1][-]{section.4.7}{\376\377\0004\000.\0007\000\040\000I\000n\000d\000e\000p\000e\000n\000d\000e\000n\000t\000\040\000E\000v\000e\000n\000t\000s}{chapter.4}
\BOOKMARK [1][-]{section.4.8}{\376\377\0004\000.\0008\000\040\000B\000a\000y\000e\000s\000'\000\040\000R\000u\000l\000e}{chapter.4}
\BOOKMARK [1][-]{section.4.9}{\376\377\0004\000.\0009\000\040\000R\000a\000n\000d\000o\000m\000\040\000V\000a\000r\000i\000a\000b\000l\000e\000s}{chapter.4}
\BOOKMARK [1][-]{section.4.10}{\376\377\0004\000.\0001\0000\000\040\000E\000x\000e\000r\000c\000i\000s\000e\000s}{chapter.4}
\BOOKMARK [0][-]{chapter.5}{\376\377\0005\000\040\000D\000i\000s\000c\000r\000e\000t\000e\000\040\000D\000i\000s\000t\000r\000i\000b\000u\000t\000i\000o\000n\000s}{}
\BOOKMARK [1][-]{section.5.1}{\376\377\0005\000.\0001\000\040\000D\000i\000s\000c\000r\000e\000t\000e\000\040\000R\000a\000n\000d\000o\000m\000\040\000V\000a\000r\000i\000a\000b\000l\000e\000s}{chapter.5}
\BOOKMARK [1][-]{section.5.2}{\376\377\0005\000.\0002\000\040\000T\000h\000e\000\040\000D\000i\000s\000c\000r\000e\000t\000e\000\040\000U\000n\000i\000f\000o\000r\000m\000\040\000D\000i\000s\000t\000r\000i\000b\000u\000t\000i\000o\000n}{chapter.5}
\BOOKMARK [1][-]{section.5.3}{\376\377\0005\000.\0003\000\040\000T\000h\000e\000\040\000B\000i\000n\000o\000m\000i\000a\000l\000\040\000D\000i\000s\000t\000r\000i\000b\000u\000t\000i\000o\000n}{chapter.5}
\BOOKMARK [1][-]{section.5.4}{\376\377\0005\000.\0004\000\040\000E\000x\000p\000e\000c\000t\000a\000t\000i\000o\000n\000\040\000a\000n\000d\000\040\000M\000o\000m\000e\000n\000t\000\040\000G\000e\000n\000e\000r\000a\000t\000i\000n\000g\000\040\000F\000u\000n\000c\000t\000i\000o\000n\000s}{chapter.5}
\BOOKMARK [1][-]{section.5.5}{\376\377\0005\000.\0005\000\040\000T\000h\000e\000\040\000E\000m\000p\000i\000r\000i\000c\000a\000l\000\040\000D\000i\000s\000t\000r\000i\000b\000u\000t\000i\000o\000n}{chapter.5}
\BOOKMARK [1][-]{section.5.6}{\376\377\0005\000.\0006\000\040\000O\000t\000h\000e\000r\000\040\000D\000i\000s\000c\000r\000e\000t\000e\000\040\000D\000i\000s\000t\000r\000i\000b\000u\000t\000i\000o\000n\000s}{chapter.5}
\BOOKMARK [1][-]{section.5.7}{\376\377\0005\000.\0007\000\040\000F\000u\000n\000c\000t\000i\000o\000n\000s\000\040\000o\000f\000\040\000D\000i\000s\000c\000r\000e\000t\000e\000\040\000R\000a\000n\000d\000o\000m\000\040\000V\000a\000r\000i\000a\000b\000l\000e\000s}{chapter.5}
\BOOKMARK [1][-]{section.5.8}{\376\377\0005\000.\0008\000\040\000E\000x\000e\000r\000c\000i\000s\000e\000s}{chapter.5}
\BOOKMARK [0][-]{chapter.6}{\376\377\0006\000\040\000C\000o\000n\000t\000i\000n\000u\000o\000u\000s\000\040\000D\000i\000s\000t\000r\000i\000b\000u\000t\000i\000o\000n\000s}{}
\BOOKMARK [1][-]{section.6.1}{\376\377\0006\000.\0001\000\040\000C\000o\000n\000t\000i\000n\000u\000o\000u\000s\000\040\000R\000a\000n\000d\000o\000m\000\040\000V\000a\000r\000i\000a\000b\000l\000e\000s}{chapter.6}
\BOOKMARK [1][-]{section.6.2}{\376\377\0006\000.\0002\000\040\000T\000h\000e\000\040\000C\000o\000n\000t\000i\000n\000u\000o\000u\000s\000\040\000U\000n\000i\000f\000o\000r\000m\000\040\000D\000i\000s\000t\000r\000i\000b\000u\000t\000i\000o\000n}{chapter.6}
\BOOKMARK [1][-]{section.6.3}{\376\377\0006\000.\0003\000\040\000T\000h\000e\000\040\000N\000o\000r\000m\000a\000l\000\040\000D\000i\000s\000t\000r\000i\000b\000u\000t\000i\000o\000n}{chapter.6}
\BOOKMARK [1][-]{section.6.4}{\376\377\0006\000.\0004\000\040\000F\000u\000n\000c\000t\000i\000o\000n\000s\000\040\000o\000f\000\040\000C\000o\000n\000t\000i\000n\000u\000o\000u\000s\000\040\000R\000a\000n\000d\000o\000m\000\040\000V\000a\000r\000i\000a\000b\000l\000e\000s}{chapter.6}
\BOOKMARK [1][-]{section.6.5}{\376\377\0006\000.\0005\000\040\000O\000t\000h\000e\000r\000\040\000C\000o\000n\000t\000i\000n\000u\000o\000u\000s\000\040\000D\000i\000s\000t\000r\000i\000b\000u\000t\000i\000o\000n\000s}{chapter.6}
\BOOKMARK [1][-]{section.6.6}{\376\377\0006\000.\0006\000\040\000E\000x\000e\000r\000c\000i\000s\000e\000s}{chapter.6}
\BOOKMARK [0][-]{chapter.7}{\376\377\0007\000\040\000M\000u\000l\000t\000i\000v\000a\000r\000i\000a\000t\000e\000\040\000D\000i\000s\000t\000r\000i\000b\000u\000t\000i\000o\000n\000s}{}
\BOOKMARK [1][-]{section.7.1}{\376\377\0007\000.\0001\000\040\000J\000o\000i\000n\000t\000\040\000a\000n\000d\000\040\000M\000a\000r\000g\000i\000n\000a\000l\000\040\000P\000r\000o\000b\000a\000b\000i\000l\000i\000t\000y\000\040\000D\000i\000s\000t\000r\000i\000b\000u\000t\000i\000o\000n\000s}{chapter.7}
\BOOKMARK [1][-]{section.7.2}{\376\377\0007\000.\0002\000\040\000J\000o\000i\000n\000t\000\040\000a\000n\000d\000\040\000M\000a\000r\000g\000i\000n\000a\000l\000\040\000E\000x\000p\000e\000c\000t\000a\000t\000i\000o\000n}{chapter.7}
\BOOKMARK [1][-]{section.7.3}{\376\377\0007\000.\0003\000\040\000C\000o\000n\000d\000i\000t\000i\000o\000n\000a\000l\000\040\000D\000i\000s\000t\000r\000i\000b\000u\000t\000i\000o\000n\000s}{chapter.7}
\BOOKMARK [1][-]{section.7.4}{\376\377\0007\000.\0004\000\040\000I\000n\000d\000e\000p\000e\000n\000d\000e\000n\000t\000\040\000R\000a\000n\000d\000o\000m\000\040\000V\000a\000r\000i\000a\000b\000l\000e\000s}{chapter.7}
\BOOKMARK [1][-]{section.7.5}{\376\377\0007\000.\0005\000\040\000E\000x\000c\000h\000a\000n\000g\000e\000a\000b\000l\000e\000\040\000R\000a\000n\000d\000o\000m\000\040\000V\000a\000r\000i\000a\000b\000l\000e\000s}{chapter.7}
\BOOKMARK [1][-]{section.7.6}{\376\377\0007\000.\0006\000\040\000T\000h\000e\000\040\000B\000i\000v\000a\000r\000i\000a\000t\000e\000\040\000N\000o\000r\000m\000a\000l\000\040\000D\000i\000s\000t\000r\000i\000b\000u\000t\000i\000o\000n}{chapter.7}
\BOOKMARK [1][-]{section.7.7}{\376\377\0007\000.\0007\000\040\000B\000i\000v\000a\000r\000i\000a\000t\000e\000\040\000T\000r\000a\000n\000s\000f\000o\000r\000m\000a\000t\000i\000o\000n\000s\000\040\000o\000f\000\040\000R\000a\000n\000d\000o\000m\000\040\000V\000a\000r\000i\000a\000b\000l\000e\000s}{chapter.7}
\BOOKMARK [1][-]{section.7.8}{\376\377\0007\000.\0008\000\040\000R\000e\000m\000a\000r\000k\000s\000\040\000f\000o\000r\000\040\000t\000h\000e\000\040\000M\000u\000l\000t\000i\000v\000a\000r\000i\000a\000t\000e\000\040\000C\000a\000s\000e}{chapter.7}
\BOOKMARK [1][-]{section.7.9}{\376\377\0007\000.\0009\000\040\000T\000h\000e\000\040\000M\000u\000l\000t\000i\000n\000o\000m\000i\000a\000l\000\040\000D\000i\000s\000t\000r\000i\000b\000u\000t\000i\000o\000n}{chapter.7}
\BOOKMARK [1][-]{section.7.10}{\376\377\0007\000.\0001\0000\000\040\000E\000x\000e\000r\000c\000i\000s\000e\000s}{chapter.7}
\BOOKMARK [0][-]{chapter.8}{\376\377\0008\000\040\000S\000a\000m\000p\000l\000i\000n\000g\000\040\000D\000i\000s\000t\000r\000i\000b\000u\000t\000i\000o\000n\000s}{}
\BOOKMARK [1][-]{section.8.1}{\376\377\0008\000.\0001\000\040\000S\000i\000m\000p\000l\000e\000\040\000R\000a\000n\000d\000o\000m\000\040\000S\000a\000m\000p\000l\000e\000s}{chapter.8}
\BOOKMARK [1][-]{section.8.2}{\376\377\0008\000.\0002\000\040\000S\000a\000m\000p\000l\000i\000n\000g\000\040\000f\000r\000o\000m\000\040\000a\000\040\000N\000o\000r\000m\000a\000l\000\040\000D\000i\000s\000t\000r\000i\000b\000u\000t\000i\000o\000n}{chapter.8}
\BOOKMARK [1][-]{section.8.3}{\376\377\0008\000.\0003\000\040\000T\000h\000e\000\040\000C\000e\000n\000t\000r\000a\000l\000\040\000L\000i\000m\000i\000t\000\040\000T\000h\000e\000o\000r\000e\000m}{chapter.8}
\BOOKMARK [1][-]{section.8.4}{\376\377\0008\000.\0004\000\040\000S\000a\000m\000p\000l\000i\000n\000g\000\040\000D\000i\000s\000t\000r\000i\000b\000u\000t\000i\000o\000n\000s\000\040\000o\000f\000\040\000T\000w\000o\000-\000S\000a\000m\000p\000l\000e\000\040\000S\000t\000a\000t\000i\000s\000t\000i\000c\000s}{chapter.8}
\BOOKMARK [1][-]{section.8.5}{\376\377\0008\000.\0005\000\040\000S\000i\000m\000u\000l\000a\000t\000e\000d\000\040\000S\000a\000m\000p\000l\000i\000n\000g\000\040\000D\000i\000s\000t\000r\000i\000b\000u\000t\000i\000o\000n\000s}{chapter.8}
\BOOKMARK [1][-]{section.8.6}{\376\377\0008\000.\0006\000\040\000E\000x\000e\000r\000c\000i\000s\000e\000s}{chapter.8}
\BOOKMARK [0][-]{chapter.9}{\376\377\0009\000\040\000E\000s\000t\000i\000m\000a\000t\000i\000o\000n}{}
\BOOKMARK [1][-]{section.9.1}{\376\377\0009\000.\0001\000\040\000P\000o\000i\000n\000t\000\040\000E\000s\000t\000i\000m\000a\000t\000i\000o\000n}{chapter.9}
\BOOKMARK [1][-]{section.9.2}{\376\377\0009\000.\0002\000\040\000C\000o\000n\000f\000i\000d\000e\000n\000c\000e\000\040\000I\000n\000t\000e\000r\000v\000a\000l\000s\000\040\000f\000o\000r\000\040\000M\000e\000a\000n\000s}{chapter.9}
\BOOKMARK [1][-]{section.9.3}{\376\377\0009\000.\0003\000\040\000C\000o\000n\000f\000i\000d\000e\000n\000c\000e\000\040\000I\000n\000t\000e\000r\000v\000a\000l\000s\000\040\000f\000o\000r\000\040\000D\000i\000f\000f\000e\000r\000e\000n\000c\000e\000s\000\040\000o\000f\000\040\000M\000e\000a\000n\000s}{chapter.9}
\BOOKMARK [1][-]{section.9.4}{\376\377\0009\000.\0004\000\040\000C\000o\000n\000f\000i\000d\000e\000n\000c\000e\000\040\000I\000n\000t\000e\000r\000v\000a\000l\000s\000\040\000f\000o\000r\000\040\000P\000r\000o\000p\000o\000r\000t\000i\000o\000n\000s}{chapter.9}
\BOOKMARK [1][-]{section.9.5}{\376\377\0009\000.\0005\000\040\000C\000o\000n\000f\000i\000d\000e\000n\000c\000e\000\040\000I\000n\000t\000e\000r\000v\000a\000l\000s\000\040\000f\000o\000r\000\040\000V\000a\000r\000i\000a\000n\000c\000e\000s}{chapter.9}
\BOOKMARK [1][-]{section.9.6}{\376\377\0009\000.\0006\000\040\000F\000i\000t\000t\000i\000n\000g\000\040\000D\000i\000s\000t\000r\000i\000b\000u\000t\000i\000o\000n\000s}{chapter.9}
\BOOKMARK [1][-]{section.9.7}{\376\377\0009\000.\0007\000\040\000S\000a\000m\000p\000l\000e\000\040\000S\000i\000z\000e\000\040\000a\000n\000d\000\040\000M\000a\000r\000g\000i\000n\000\040\000o\000f\000\040\000E\000r\000r\000o\000r}{chapter.9}
\BOOKMARK [1][-]{section.9.8}{\376\377\0009\000.\0008\000\040\000O\000t\000h\000e\000r\000\040\000T\000o\000p\000i\000c\000s}{chapter.9}
\BOOKMARK [1][-]{section.9.9}{\376\377\0009\000.\0009\000\040\000E\000x\000e\000r\000c\000i\000s\000e\000s}{chapter.9}
\BOOKMARK [0][-]{chapter.10}{\376\377\0001\0000\000\040\000H\000y\000p\000o\000t\000h\000e\000s\000i\000s\000\040\000T\000e\000s\000t\000i\000n\000g}{}
\BOOKMARK [1][-]{section.10.1}{\376\377\0001\0000\000.\0001\000\040\000I\000n\000t\000r\000o\000d\000u\000c\000t\000i\000o\000n}{chapter.10}
\BOOKMARK [1][-]{section.10.2}{\376\377\0001\0000\000.\0002\000\040\000T\000e\000s\000t\000s\000\040\000f\000o\000r\000\040\000P\000r\000o\000p\000o\000r\000t\000i\000o\000n\000s}{chapter.10}
\BOOKMARK [1][-]{section.10.3}{\376\377\0001\0000\000.\0003\000\040\000O\000n\000e\000\040\000S\000a\000m\000p\000l\000e\000\040\000T\000e\000s\000t\000s\000\040\000f\000o\000r\000\040\000M\000e\000a\000n\000s\000\040\000a\000n\000d\000\040\000V\000a\000r\000i\000a\000n\000c\000e\000s}{chapter.10}
\BOOKMARK [1][-]{section.10.4}{\376\377\0001\0000\000.\0004\000\040\000T\000w\000o\000-\000S\000a\000m\000p\000l\000e\000\040\000T\000e\000s\000t\000s\000\040\000f\000o\000r\000\040\000M\000e\000a\000n\000s\000\040\000a\000n\000d\000\040\000V\000a\000r\000i\000a\000n\000c\000e\000s}{chapter.10}
\BOOKMARK [1][-]{section.10.5}{\376\377\0001\0000\000.\0005\000\040\000O\000t\000h\000e\000r\000\040\000H\000y\000p\000o\000t\000h\000e\000s\000i\000s\000\040\000T\000e\000s\000t\000s}{chapter.10}
\BOOKMARK [1][-]{section.10.6}{\376\377\0001\0000\000.\0006\000\040\000A\000n\000a\000l\000y\000s\000i\000s\000\040\000o\000f\000\040\000V\000a\000r\000i\000a\000n\000c\000e}{chapter.10}
\BOOKMARK [1][-]{section.10.7}{\376\377\0001\0000\000.\0007\000\040\000S\000a\000m\000p\000l\000e\000\040\000S\000i\000z\000e\000\040\000a\000n\000d\000\040\000P\000o\000w\000e\000r}{chapter.10}
\BOOKMARK [1][-]{section.10.8}{\376\377\0001\0000\000.\0008\000\040\000E\000x\000e\000r\000c\000i\000s\000e\000s}{chapter.10}
\BOOKMARK [0][-]{chapter.11}{\376\377\0001\0001\000\040\000S\000i\000m\000p\000l\000e\000\040\000L\000i\000n\000e\000a\000r\000\040\000R\000e\000g\000r\000e\000s\000s\000i\000o\000n}{}
\BOOKMARK [1][-]{section.11.1}{\376\377\0001\0001\000.\0001\000\040\000B\000a\000s\000i\000c\000\040\000P\000h\000i\000l\000o\000s\000o\000p\000h\000y}{chapter.11}
\BOOKMARK [1][-]{section.11.2}{\376\377\0001\0001\000.\0002\000\040\000E\000s\000t\000i\000m\000a\000t\000i\000o\000n}{chapter.11}
\BOOKMARK [1][-]{section.11.3}{\376\377\0001\0001\000.\0003\000\040\000M\000o\000d\000e\000l\000\040\000U\000t\000i\000l\000i\000t\000y\000\040\000a\000n\000d\000\040\000I\000n\000f\000e\000r\000e\000n\000c\000e}{chapter.11}
\BOOKMARK [1][-]{section.11.4}{\376\377\0001\0001\000.\0004\000\040\000R\000e\000s\000i\000d\000u\000a\000l\000\040\000A\000n\000a\000l\000y\000s\000i\000s}{chapter.11}
\BOOKMARK [1][-]{section.11.5}{\376\377\0001\0001\000.\0005\000\040\000O\000t\000h\000e\000r\000\040\000D\000i\000a\000g\000n\000o\000s\000t\000i\000c\000\040\000T\000o\000o\000l\000s}{chapter.11}
\BOOKMARK [1][-]{section.11.6}{\376\377\0001\0001\000.\0006\000\040\000E\000x\000e\000r\000c\000i\000s\000e\000s}{chapter.11}
\BOOKMARK [0][-]{chapter.12}{\376\377\0001\0002\000\040\000M\000u\000l\000t\000i\000p\000l\000e\000\040\000L\000i\000n\000e\000a\000r\000\040\000R\000e\000g\000r\000e\000s\000s\000i\000o\000n}{}
\BOOKMARK [1][-]{section.12.1}{\376\377\0001\0002\000.\0001\000\040\000T\000h\000e\000\040\000M\000u\000l\000t\000i\000p\000l\000e\000\040\000L\000i\000n\000e\000a\000r\000\040\000R\000e\000g\000r\000e\000s\000s\000i\000o\000n\000\040\000M\000o\000d\000e\000l}{chapter.12}
\BOOKMARK [1][-]{section.12.2}{\376\377\0001\0002\000.\0002\000\040\000E\000s\000t\000i\000m\000a\000t\000i\000o\000n\000\040\000a\000n\000d\000\040\000P\000r\000e\000d\000i\000c\000t\000i\000o\000n}{chapter.12}
\BOOKMARK [1][-]{section.12.3}{\376\377\0001\0002\000.\0003\000\040\000M\000o\000d\000e\000l\000\040\000U\000t\000i\000l\000i\000t\000y\000\040\000a\000n\000d\000\040\000I\000n\000f\000e\000r\000e\000n\000c\000e}{chapter.12}
\BOOKMARK [1][-]{section.12.4}{\376\377\0001\0002\000.\0004\000\040\000P\000o\000l\000y\000n\000o\000m\000i\000a\000l\000\040\000R\000e\000g\000r\000e\000s\000s\000i\000o\000n}{chapter.12}
\BOOKMARK [1][-]{section.12.5}{\376\377\0001\0002\000.\0005\000\040\000I\000n\000t\000e\000r\000a\000c\000t\000i\000o\000n}{chapter.12}
\BOOKMARK [1][-]{section.12.6}{\376\377\0001\0002\000.\0006\000\040\000Q\000u\000a\000l\000i\000t\000a\000t\000i\000v\000e\000\040\000E\000x\000p\000l\000a\000n\000a\000t\000o\000r\000y\000\040\000V\000a\000r\000i\000a\000b\000l\000e\000s}{chapter.12}
\BOOKMARK [1][-]{section.12.7}{\376\377\0001\0002\000.\0007\000\040\000P\000a\000r\000t\000i\000a\000l\000\040\000F\000\040\000S\000t\000a\000t\000i\000s\000t\000i\000c}{chapter.12}
\BOOKMARK [1][-]{section.12.8}{\376\377\0001\0002\000.\0008\000\040\000R\000e\000s\000i\000d\000u\000a\000l\000\040\000A\000n\000a\000l\000y\000s\000i\000s\000\040\000a\000n\000d\000\040\000D\000i\000a\000g\000n\000o\000s\000t\000i\000c\000\040\000T\000o\000o\000l\000s}{chapter.12}
\BOOKMARK [1][-]{section.12.9}{\376\377\0001\0002\000.\0009\000\040\000A\000d\000d\000i\000t\000i\000o\000n\000a\000l\000\040\000T\000o\000p\000i\000c\000s}{chapter.12}
\BOOKMARK [1][-]{section.12.10}{\376\377\0001\0002\000.\0001\0000\000\040\000E\000x\000e\000r\000c\000i\000s\000e\000s}{chapter.12}
\BOOKMARK [0][-]{chapter.13}{\376\377\0001\0003\000\040\000R\000e\000s\000a\000m\000p\000l\000i\000n\000g\000\040\000M\000e\000t\000h\000o\000d\000s}{}
\BOOKMARK [1][-]{section.13.1}{\376\377\0001\0003\000.\0001\000\040\000I\000n\000t\000r\000o\000d\000u\000c\000t\000i\000o\000n}{chapter.13}
\BOOKMARK [1][-]{section.13.2}{\376\377\0001\0003\000.\0002\000\040\000B\000o\000o\000t\000s\000t\000r\000a\000p\000\040\000S\000t\000a\000n\000d\000a\000r\000d\000\040\000E\000r\000r\000o\000r\000s}{chapter.13}
\BOOKMARK [1][-]{section.13.3}{\376\377\0001\0003\000.\0003\000\040\000B\000o\000o\000t\000s\000t\000r\000a\000p\000\040\000C\000o\000n\000f\000i\000d\000e\000n\000c\000e\000\040\000I\000n\000t\000e\000r\000v\000a\000l\000s}{chapter.13}
\BOOKMARK [1][-]{section.13.4}{\376\377\0001\0003\000.\0004\000\040\000R\000e\000s\000a\000m\000p\000l\000i\000n\000g\000\040\000i\000n\000\040\000H\000y\000p\000o\000t\000h\000e\000s\000i\000s\000\040\000T\000e\000s\000t\000s}{chapter.13}
\BOOKMARK [1][-]{section.13.5}{\376\377\0001\0003\000.\0005\000\040\000E\000x\000e\000r\000c\000i\000s\000e\000s}{chapter.13}
\BOOKMARK [0][-]{chapter.14}{\376\377\0001\0004\000\040\000N\000o\000n\000p\000a\000r\000a\000m\000e\000t\000r\000i\000c\000\040\000S\000t\000a\000t\000i\000s\000t\000i\000c\000s}{}
\BOOKMARK [0][-]{chapter.15}{\376\377\0001\0005\000\040\000C\000a\000t\000e\000g\000o\000r\000i\000c\000a\000l\000\040\000D\000a\000t\000a\000\040\000A\000n\000a\000l\000y\000s\000i\000s}{}
\BOOKMARK [0][-]{chapter.16}{\376\377\0001\0006\000\040\000T\000i\000m\000e\000\040\000S\000e\000r\000i\000e\000s}{}
\BOOKMARK [0][-]{appendix.A}{\376\377\000A\000\040\000R\000\040\000S\000e\000s\000s\000i\000o\000n\000\040\000I\000n\000f\000o\000r\000m\000a\000t\000i\000o\000n}{}
\BOOKMARK [0][-]{appendix.B}{\376\377\000B\000\040\000G\000N\000U\000\040\000F\000r\000e\000e\000\040\000D\000o\000c\000u\000m\000e\000n\000t\000a\000t\000i\000o\000n\000\040\000L\000i\000c\000e\000n\000s\000e}{}
\BOOKMARK [1][-]{section.B.1}{\376\377\000B\000.\0001\000\040\0000\000.\000\040\000P\000R\000E\000A\000M\000B\000L\000E}{appendix.B}
\BOOKMARK [1][-]{section.B.2}{\376\377\000B\000.\0002\000\040\0001\000.\000\040\000A\000P\000P\000L\000I\000C\000A\000B\000I\000L\000I\000T\000Y\000\040\000A\000N\000D\000\040\000D\000E\000F\000I\000N\000I\000T\000I\000O\000N\000S}{appendix.B}
\BOOKMARK [1][-]{section.B.3}{\376\377\000B\000.\0003\000\040\0002\000.\000\040\000V\000E\000R\000B\000A\000T\000I\000M\000\040\000C\000O\000P\000Y\000I\000N\000G}{appendix.B}
\BOOKMARK [1][-]{section.B.4}{\376\377\000B\000.\0004\000\040\0003\000.\000\040\000C\000O\000P\000Y\000I\000N\000G\000\040\000I\000N\000\040\000Q\000U\000A\000N\000T\000I\000T\000Y}{appendix.B}
\BOOKMARK [1][-]{section.B.5}{\376\377\000B\000.\0005\000\040\0004\000.\000\040\000M\000O\000D\000I\000F\000I\000C\000A\000T\000I\000O\000N\000S}{appendix.B}
\BOOKMARK [1][-]{section.B.6}{\376\377\000B\000.\0006\000\040\0005\000.\000\040\000C\000O\000M\000B\000I\000N\000I\000N\000G\000\040\000D\000O\000C\000U\000M\000E\000N\000T\000S}{appendix.B}
\BOOKMARK [1][-]{section.B.7}{\376\377\000B\000.\0007\000\040\0006\000.\000\040\000C\000O\000L\000L\000E\000C\000T\000I\000O\000N\000S\000\040\000O\000F\000\040\000D\000O\000C\000U\000M\000E\000N\000T\000S}{appendix.B}
\BOOKMARK [1][-]{section.B.8}{\376\377\000B\000.\0008\000\040\0007\000.\000\040\000A\000G\000G\000R\000E\000G\000A\000T\000I\000O\000N\000\040\000W\000I\000T\000H\000\040\000I\000N\000D\000E\000P\000E\000N\000D\000E\000N\000T\000\040\000W\000O\000R\000K\000S}{appendix.B}
\BOOKMARK [1][-]{section.B.9}{\376\377\000B\000.\0009\000\040\0008\000.\000\040\000T\000R\000A\000N\000S\000L\000A\000T\000I\000O\000N}{appendix.B}
\BOOKMARK [1][-]{section.B.10}{\376\377\000B\000.\0001\0000\000\040\0009\000.\000\040\000T\000E\000R\000M\000I\000N\000A\000T\000I\000O\000N}{appendix.B}
\BOOKMARK [1][-]{section.B.11}{\376\377\000B\000.\0001\0001\000\040\0001\0000\000.\000\040\000F\000U\000T\000U\000R\000E\000\040\000R\000E\000V\000I\000S\000I\000O\000N\000S\000\040\000O\000F\000\040\000T\000H\000I\000S\000\040\000L\000I\000C\000E\000N\000S\000E}{appendix.B}
\BOOKMARK [1][-]{section.B.12}{\376\377\000B\000.\0001\0002\000\040\0001\0001\000.\000\040\000R\000E\000L\000I\000C\000E\000N\000S\000I\000N\000G}{appendix.B}
\BOOKMARK [1][-]{section.B.13}{\376\377\000B\000.\0001\0003\000\040\000A\000D\000D\000E\000N\000D\000U\000M\000:\000\040\000H\000o\000w\000\040\000t\000o\000\040\000u\000s\000e\000\040\000t\000h\000i\000s\000\040\000L\000i\000c\000e\000n\000s\000e\000\040\000f\000o\000r\000\040\000y\000o\000u\000r\000\040\000d\000o\000c\000u\000m\000e\000n\000t\000s}{appendix.B}
\BOOKMARK [0][-]{appendix.C}{\376\377\000C\000\040\000H\000i\000s\000t\000o\000r\000y}{}
\BOOKMARK [0][-]{appendix.D}{\376\377\000D\000\040\000D\000a\000t\000a}{}
\BOOKMARK [1][-]{section.D.1}{\376\377\000D\000.\0001\000\040\000D\000a\000t\000a\000\040\000S\000t\000r\000u\000c\000t\000u\000r\000e\000s}{appendix.D}
\BOOKMARK [1][-]{section.D.2}{\376\377\000D\000.\0002\000\040\000I\000m\000p\000o\000r\000t\000i\000n\000g\000\040\000D\000a\000t\000a}{appendix.D}
\BOOKMARK [1][-]{section.D.3}{\376\377\000D\000.\0003\000\040\000C\000r\000e\000a\000t\000i\000n\000g\000\040\000N\000e\000w\000\040\000D\000a\000t\000a\000\040\000S\000e\000t\000s}{appendix.D}
\BOOKMARK [1][-]{section.D.4}{\376\377\000D\000.\0004\000\040\000E\000d\000i\000t\000i\000n\000g\000\040\000D\000a\000t\000a}{appendix.D}
\BOOKMARK [1][-]{section.D.5}{\376\377\000D\000.\0005\000\040\000E\000x\000p\000o\000r\000t\000i\000n\000g\000\040\000D\000a\000t\000a}{appendix.D}
\BOOKMARK [1][-]{section.D.6}{\376\377\000D\000.\0006\000\040\000R\000e\000s\000h\000a\000p\000i\000n\000g\000\040\000D\000a\000t\000a}{appendix.D}
\BOOKMARK [0][-]{appendix.E}{\376\377\000E\000\040\000M\000a\000t\000h\000e\000m\000a\000t\000i\000c\000a\000l\000\040\000M\000a\000c\000h\000i\000n\000e\000r\000y}{}
\BOOKMARK [1][-]{section.E.1}{\376\377\000E\000.\0001\000\040\000S\000e\000t\000\040\000A\000l\000g\000e\000b\000r\000a}{appendix.E}
\BOOKMARK [1][-]{section.E.2}{\376\377\000E\000.\0002\000\040\000D\000i\000f\000f\000e\000r\000e\000n\000t\000i\000a\000l\000\040\000a\000n\000d\000\040\000I\000n\000t\000e\000g\000r\000a\000l\000\040\000C\000a\000l\000c\000u\000l\000u\000s}{appendix.E}
\BOOKMARK [1][-]{section.E.3}{\376\377\000E\000.\0003\000\040\000S\000e\000q\000u\000e\000n\000c\000e\000s\000\040\000a\000n\000d\000\040\000S\000e\000r\000i\000e\000s}{appendix.E}
\BOOKMARK [1][-]{section.E.4}{\376\377\000E\000.\0004\000\040\000T\000h\000e\000\040\000G\000a\000m\000m\000a\000\040\000F\000u\000n\000c\000t\000i\000o\000n}{appendix.E}
\BOOKMARK [1][-]{section.E.5}{\376\377\000E\000.\0005\000\040\000L\000i\000n\000e\000a\000r\000\040\000A\000l\000g\000e\000b\000r\000a}{appendix.E}
\BOOKMARK [1][-]{section.E.6}{\376\377\000E\000.\0006\000\040\000M\000u\000l\000t\000i\000v\000a\000r\000i\000a\000b\000l\000e\000\040\000C\000a\000l\000c\000u\000l\000u\000s}{appendix.E}
\BOOKMARK [0][-]{appendix.F}{\376\377\000F\000\040\000W\000r\000i\000t\000i\000n\000g\000\040\000R\000e\000p\000o\000r\000t\000s\000\040\000w\000i\000t\000h\000\040\000R}{}
\BOOKMARK [1][-]{section.F.1}{\376\377\000F\000.\0001\000\040\000W\000h\000a\000t\000\040\000t\000o\000\040\000W\000r\000i\000t\000e}{appendix.F}
\BOOKMARK [1][-]{section.F.2}{\376\377\000F\000.\0002\000\040\000H\000o\000w\000\040\000t\000o\000\040\000W\000r\000i\000t\000e\000\040\000I\000t\000\040\000w\000i\000t\000h\000\040\000R}{appendix.F}
\BOOKMARK [1][-]{section.F.3}{\376\377\000F\000.\0003\000\040\000F\000o\000r\000m\000a\000t\000t\000i\000n\000g\000\040\000T\000a\000b\000l\000e\000s}{appendix.F}
\BOOKMARK [1][-]{section.F.4}{\376\377\000F\000.\0004\000\040\000O\000t\000h\000e\000r\000\040\000F\000o\000r\000m\000a\000t\000s}{appendix.F}
\BOOKMARK [0][-]{appendix.G}{\376\377\000G\000\040\000I\000n\000s\000t\000r\000u\000c\000t\000i\000o\000n\000s\000\040\000f\000o\000r\000\040\000I\000n\000s\000t\000r\000u\000c\000t\000o\000r\000s}{}
\BOOKMARK [1][-]{section.G.1}{\376\377\000G\000.\0001\000\040\000G\000e\000n\000e\000r\000a\000t\000i\000n\000g\000\040\000T\000h\000i\000s\000\040\000D\000o\000c\000u\000m\000e\000n\000t}{appendix.G}
\BOOKMARK [1][-]{section.G.2}{\376\377\000G\000.\0002\000\040\000H\000o\000w\000\040\000t\000o\000\040\000U\000s\000e\000\040\000T\000h\000i\000s\000\040\000D\000o\000c\000u\000m\000e\000n\000t}{appendix.G}
\BOOKMARK [1][-]{section.G.3}{\376\377\000G\000.\0003\000\040\000A\000n\000c\000i\000l\000l\000a\000r\000y\000\040\000M\000a\000t\000e\000r\000i\000a\000l\000s}{appendix.G}
\BOOKMARK [1][-]{section.G.4}{\376\377\000G\000.\0004\000\040\000M\000o\000d\000i\000f\000y\000i\000n\000g\000\040\000T\000h\000i\000s\000\040\000D\000o\000c\000u\000m\000e\000n\000t}{appendix.G}
\BOOKMARK [0][-]{appendix.H}{\376\377\000H\000\040\000R\000c\000m\000d\000r\000T\000e\000s\000t\000D\000r\000i\000v\000e\000\040\000S\000t\000o\000r\000y}{}
\BOOKMARK [1][-]{section.H.1}{\376\377\000H\000.\0001\000\040\000C\000a\000s\000e\000\040\000F\000i\000l\000e\000:\000\040\000A\000L\000U\000-\0001\0007\0009\000\040\000`\000`\000M\000u\000r\000d\000e\000r\000\040\000M\000a\000d\000n\000e\000s\000s\000\040\000i\000n\000\040\000T\000o\000o\000n\000\040\000T\000o\000w\000n\040\035}{appendix.H}
\BOOKMARK [0][-]{section*.199}{\376\377\000B\000i\000b\000l\000i\000o\000g\000r\000a\000p\000h\000y}{}
\BOOKMARK [0][-]{section*.201}{\376\377\000I\000n\000d\000e\000x}{}
